#
# A fatal error has been detected by the Java Runtime Environment:
#
#  EXCEPTION_ACCESS_VIOLATION (0xc0000005) at pc=0x000000005063f133, pid=5500, tid=0x000000000000134c
#
# JRE version: Java(TM) SE Runtime Environment (8.0_131-b11) (build 1.8.0_131-b11)
# Java VM: Java HotSpot(TM) 64-Bit Server VM (25.131-b11 mixed mode windows-amd64 compressed oops)
# Problematic frame:
# V  [jvm.dll+0x3ff133]
#
# Failed to write core dump. Minidumps are not enabled by default on client versions of Windows
#
# If you would like to submit a bug report, please visit:
#   http://bugreport.java.com/bugreport/crash.jsp
#

---------------  T H R E A D  ---------------

Current thread (0x00000000026ba000):  GCTaskThread [stack: 0x0000000012420000,0x0000000012520000] [id=4940]

siginfo: ExceptionCode=0xc0000005, reading address 0x0000000000000128

Registers:
RAX=0x0000000000000000, RBX=0x000000001251f6f8, RCX=0x0000000100800698, RDX=0x000000000278ac70
RSP=0x000000001251f650, RBP=0x000000000c1f0000, RSI=0x000000000c1ee3e4, RDI=0x0000000000000003
R8 =0x0000000084703828, R9 =0x0000000100800698, R10=0x0000000000307c00, R11=0x0000000084703828
R12=0x0000000050a5c720, R13=0x0000000000000c1e, R14=0x00000000e0f80000, R15=0x000000001251f6f8
RIP=0x000000005063f133, EFLAGS=0x0000000000010207

Top of Stack: (sp=0x000000001251f650)
0x000000001251f650:   000000001251f6f8 000000000c1f0000
0x000000001251f660:   000000000c1ee3e1 000000005063d85b
0x000000001251f670:   000000000c1f0000 00000000506349dd
0x000000001251f680:   000000000c1ee3e2 000000005064016e
0x000000001251f690:   0000000000000002 000000005063ef6f
0x000000001251f6a0:   00000000e32b0190 00000000e0f80000
0x000000001251f6b0:   0000000000000c1e 0000000000000002
0x000000001251f6c0:   0000000000c80000 0000000050640434
0x000000001251f6d0:   00000000000002c6 000000001251f738
0x000000001251f6e0:   000000000000008e 000000001251f738
0x000000001251f6f0:   0000000000c80000 0000000050894788
0x000000001251f700:   0000000050a5c720 000000000278ac70
0x000000001251f710:   000000000000f8fb 00000000e0f71f10
0x000000001251f720:   00000000026b1710 0000000084703828
0x000000001251f730:   0000000000590001 00000000026ba3f0
0x000000001251f740:   00000000026ba3e0 0000000000000000 

Instructions: (pc=0x000000005063f133)
0x000000005063f113:   03 0d 87 16 3a 00 eb 04 4d 8b 48 08 41 81 79 08
0x000000005063f123:   00 00 00 c0 73 10 49 8b 01 48 8b 53 10 49 8b c9
0x000000005063f133:   ff 90 28 01 00 00 48 29 7b 18 48 8d 04 fd 00 00
0x000000005063f143:   00 00 b9 02 00 00 00 48 01 43 20 48 01 43 30 33 


Register to memory mapping:

RAX=0x0000000000000000 is an unknown value
RBX=0x000000001251f6f8 is an unknown value
RCX=0x0000000100800698 is pointing into metadata
RDX=0x000000000278ac70 is an unknown value
RSP=0x000000001251f650 is an unknown value
RBP=0x000000000c1f0000 is an unknown value
RSI=0x000000000c1ee3e4 is an unknown value
RDI=0x0000000000000003 is an unknown value
R8 =
[error occurred during error reporting (printing register info), id 0xc0000005]

Stack: [0x0000000012420000,0x0000000012520000],  sp=0x000000001251f650,  free space=1021k
Native frames: (J=compiled Java code, j=interpreted, Vv=VM code, C=native code)
V  [jvm.dll+0x3ff133]
V  [jvm.dll+0x3f49dd]
V  [jvm.dll+0x400434]
V  [jvm.dll+0x3f7f3a]
V  [jvm.dll+0x3f58b5]
V  [jvm.dll+0x3f302e]
V  [jvm.dll+0x29cc1a]
C  [msvcr100.dll+0x21d9f]
C  [msvcr100.dll+0x21e3b]
C  [KERNEL32.DLL+0x168d]
C  [ntdll.dll+0x74629]


---------------  P R O C E S S  ---------------

Java Threads: ( => current thread )
  0x0000000019658000 JavaThread "pool-29-thread-4" [_thread_blocked, id=3524, stack(0x0000000025790000,0x0000000025890000)]
  0x0000000019657000 JavaThread "pool-29-thread-3" [_thread_blocked, id=5208, stack(0x0000000025390000,0x0000000025490000)]
  0x0000000019656800 JavaThread "pool-29-thread-2" [_thread_blocked, id=4068, stack(0x0000000025290000,0x0000000025390000)]
  0x0000000019652800 JavaThread "pool-30-thread-1" [_thread_blocked, id=5508, stack(0x0000000025190000,0x0000000025290000)]
  0x0000000019652000 JavaThread "pool-29-thread-1" [_thread_blocked, id=3208, stack(0x0000000025090000,0x0000000025190000)]
  0x0000000019659800 JavaThread "pool-14-thread-4" [_thread_blocked, id=2080, stack(0x0000000025690000,0x0000000025790000)]
  0x0000000019655800 JavaThread "pool-14-thread-3" [_thread_blocked, id=2040, stack(0x0000000025590000,0x0000000025690000)]
  0x0000000019658800 JavaThread "pool-14-thread-2" [_thread_blocked, id=2392, stack(0x0000000025490000,0x0000000025590000)]
  0x0000000019650800 JavaThread "pool-17-thread-1" [_thread_blocked, id=4288, stack(0x0000000024e90000,0x0000000024f90000)]
  0x0000000019653800 JavaThread "pool-14-thread-1" [_thread_blocked, id=4336, stack(0x0000000024d90000,0x0000000024e90000)]
  0x000000001964c000 JavaThread "pool-10-thread-4" [_thread_blocked, id=4676, stack(0x0000000024890000,0x0000000024990000)]
  0x000000001964f000 JavaThread "pool-10-thread-3" [_thread_blocked, id=6064, stack(0x0000000024790000,0x0000000024890000)]
  0x000000001964d800 JavaThread "pool-10-thread-2" [_thread_blocked, id=6012, stack(0x0000000024690000,0x0000000024790000)]
  0x000000001964a800 JavaThread "pool-10-thread-1" [_thread_blocked, id=6008, stack(0x0000000024590000,0x0000000024690000)]
  0x000000001f355800 JavaThread "pool-3-thread-4" [_thread_blocked, id=1908, stack(0x0000000023f90000,0x0000000024090000)]
  0x000000001f352000 JavaThread "pool-3-thread-3" [_thread_blocked, id=4212, stack(0x0000000023e90000,0x0000000023f90000)]
  0x000000001f355000 JavaThread "pool-3-thread-2" [_thread_blocked, id=1044, stack(0x00000000214b0000,0x00000000215b0000)]
  0x000000001f352800 JavaThread "pool-3-thread-1" [_thread_blocked, id=4984, stack(0x0000000000510000,0x0000000000610000)]
  0x000000001a462000 JavaThread "Stdin handler" [_thread_blocked, id=5968, stack(0x000000001bc30000,0x000000001bd30000)]
  0x000000001a463000 JavaThread "Asynchronous log dispatcher for org.gradle.launcher.daemon.server.DefaultDaemonConnection@533f430b" [_thread_blocked, id=6108, stack(0x000000001bb30000,0x000000001bc30000)]
  0x000000001a460000 JavaThread "Daemon worker Thread 2" [_thread_blocked, id=4576, stack(0x000000001ba30000,0x000000001bb30000)]
  0x000000001a45c000 JavaThread "Cancel handler" [_thread_blocked, id=4712, stack(0x000000001b930000,0x000000001ba30000)]
  0x000000001a45f000 JavaThread "Handler for socket connection from /127.0.0.1:59124 to /127.0.0.1:59607" [_thread_in_native, id=4556, stack(0x000000001b830000,0x000000001b930000)]
  0x000000001a45d000 JavaThread "Daemon Thread 2" [_thread_blocked, id=5604, stack(0x000000001b730000,0x000000001b830000)]
  0x000000001a45e800 JavaThread "File lock request listener" [_thread_in_native, id=3708, stack(0x000000001f700000,0x000000001f800000)]
  0x000000001a00f800 JavaThread "Incoming local TCP Connector on port 59124" [_thread_in_native, id=5260, stack(0x000000001b030000,0x000000001b130000)]
  0x0000000019fd0800 JavaThread "pool-1-thread-1" [_thread_blocked, id=188, stack(0x000000001af30000,0x000000001b030000)]
  0x0000000018db0800 JavaThread "Service Thread" daemon [_thread_blocked, id=4684, stack(0x0000000019190000,0x0000000019290000)]
  0x00000000173cc000 JavaThread "C1 CompilerThread2" daemon [_thread_blocked, id=1584, stack(0x0000000018c90000,0x0000000018d90000)]
  0x00000000173c4800 JavaThread "C2 CompilerThread1" daemon [_thread_blocked, id=1144, stack(0x0000000018b90000,0x0000000018c90000)]
  0x00000000173bf000 JavaThread "C2 CompilerThread0" daemon [_thread_blocked, id=2288, stack(0x0000000018a90000,0x0000000018b90000)]
  0x00000000173bd000 JavaThread "Attach Listener" daemon [_thread_blocked, id=4132, stack(0x0000000018990000,0x0000000018a90000)]
  0x00000000173bc000 JavaThread "Signal Dispatcher" daemon [_thread_blocked, id=5940, stack(0x0000000018890000,0x0000000018990000)]
  0x00000000173aa800 JavaThread "Finalizer" daemon [_thread_blocked, id=3212, stack(0x0000000018620000,0x0000000018720000)]
  0x0000000017389000 JavaThread "Reference Handler" daemon [_thread_blocked, id=4020, stack(0x0000000018520000,0x0000000018620000)]
  0x000000000269e000 JavaThread "main" [_thread_blocked, id=5204, stack(0x0000000002560000,0x0000000002660000)]

Other Threads:
  0x0000000017386800 VMThread [stack: 0x0000000018420000,0x0000000018520000] [id=3912]
  0x0000000018dcc000 WatcherThread [stack: 0x0000000019290000,0x0000000019390000] [id=4160]

=>0x00000000026ba000 (exited) GCTaskThread [stack: 0x0000000012420000,0x0000000012520000] [id=4940]

VM state:at safepoint (normal execution)

VM Mutex/Monitor currently owned by a thread:  ([mutex/lock_event])
[0x000000000269c960] Threads_lock - owner thread: 0x0000000017386800
[0x000000000269c1e0] Heap_lock - owner thread: 0x000000001964a800

Heap:
 PSYoungGen      total 233472K, used 44224K [0x00000000d5580000, 0x00000000ea600000, 0x0000000100000000)
  eden space 182272K, 0% used [0x00000000d5580000,0x00000000d5580000,0x00000000e0780000)
  from space 51200K, 86% used [0x00000000e0780000,0x00000000e32b0190,0x00000000e3980000)
  to   space 56832K, 0% used [0x00000000e6e80000,0x00000000e6e80000,0x00000000ea600000)
 ParOldGen       total 111616K, used 106869K [0x0000000080000000, 0x0000000086d00000, 0x00000000d5580000)
  object space 111616K, 95% used [0x0000000080000000,0x000000008685d4c8,0x0000000086d00000)
 Metaspace       used 74551K, capacity 76692K, committed 76928K, reserved 1116160K
  class space    used 9362K, capacity 9838K, committed 9856K, reserved 1048576K

Card table byte_map: [0x0000000011b60000,0x0000000011f70000] byte_map_base: 0x0000000011760000

Marking Bits: (ParMarkBitMap*) 0x0000000050a5c720
 Begin Bits: [0x0000000012620000, 0x0000000014620000)
 End Bits:   [0x0000000014620000, 0x0000000016620000)

Polling page: 0x0000000000b40000

CodeCache: size=245760Kb used=51407Kb max_used=51925Kb free=194352Kb
 bounds [0x00000000027a0000, 0x0000000005aa0000, 0x00000000117a0000]
 total_blobs=15025 nmethods=14221 adapters=714
 compilation: enabled

Compilation events (10 events):
Event: 364.512 Thread 0x00000000173cc000 17150       2       java.util.concurrent.ThreadLocalRandom::getProbe (13 bytes)
Event: 364.513 Thread 0x00000000173cc000 nmethod 17150 0x000000000291f990 code [0x000000000291fae0, 0x000000000291fc30]
Event: 364.521 Thread 0x00000000173cc000 17151       2       com.android.dx.rop.code.Rops::opAget (97 bytes)
Event: 364.522 Thread 0x00000000173cc000 nmethod 17151 0x00000000051b65d0 code [0x00000000051b67a0, 0x00000000051b6d18]
Event: 364.569 Thread 0x00000000173cc000 17152       2       java.util.HashMap::getNode (148 bytes)
Event: 364.570 Thread 0x00000000173cc000 nmethod 17152 0x0000000003943190 code [0x0000000003943340, 0x00000000039437a8]
Event: 364.627 Thread 0x00000000173cc000 17155       2       com.android.dx.dex.code.LocalSnapshot::withMapper (20 bytes)
Event: 364.628 Thread 0x00000000173cc000 nmethod 17155 0x0000000002ff7650 code [0x0000000002ff77e0, 0x0000000002ff7ae8]
Event: 364.629 Thread 0x00000000173cc000 17156       2       com.android.dx.dex.file.CatchStructs::encode (304 bytes)
Event: 364.632 Thread 0x00000000173cc000 nmethod 17156 0x000000000550c210 code [0x000000000550c560, 0x000000000550d678]

GC Heap History (10 events):
Event: 358.238 GC heap after
Heap after GC invocations=33 (full 4):
 PSYoungGen      total 166400K, used 17567K [0x00000000d5580000, 0x00000000e2700000, 0x0000000100000000)
  eden space 140288K, 0% used [0x00000000d5580000,0x00000000d5580000,0x00000000dde80000)
  from space 26112K, 67% used [0x00000000dde80000,0x00000000defa7df0,0x00000000df800000)
  to   space 27136K, 0% used [0x00000000e0c80000,0x00000000e0c80000,0x00000000e2700000)
 ParOldGen       total 111616K, used 60771K [0x0000000080000000, 0x0000000086d00000, 0x00000000d5580000)
  object space 111616K, 54% used [0x0000000080000000,0x0000000083b58fb8,0x0000000086d00000)
 Metaspace       used 71085K, capacity 73214K, committed 73344K, reserved 1114112K
  class space    used 9078K, capacity 9559K, committed 9600K, reserved 1048576K
}
Event: 361.762 GC heap before
{Heap before GC invocations=34 (full 4):
 PSYoungGen      total 166400K, used 157855K [0x00000000d5580000, 0x00000000e2700000, 0x0000000100000000)
  eden space 140288K, 100% used [0x00000000d5580000,0x00000000dde80000,0x00000000dde80000)
  from space 26112K, 67% used [0x00000000dde80000,0x00000000defa7df0,0x00000000df800000)
  to   space 27136K, 0% used [0x00000000e0c80000,0x00000000e0c80000,0x00000000e2700000)
 ParOldGen       total 111616K, used 60771K [0x0000000080000000, 0x0000000086d00000, 0x00000000d5580000)
  object space 111616K, 54% used [0x0000000080000000,0x0000000083b58fb8,0x0000000086d00000)
 Metaspace       used 73605K, capacity 75764K, committed 75904K, reserved 1116160K
  class space    used 9322K, capacity 9806K, committed 9856K, reserved 1048576K
Event: 361.816 GC heap after
Heap after GC invocations=34 (full 4):
 PSYoungGen      total 180736K, used 27122K [0x00000000d5580000, 0x00000000e3600000, 0x0000000100000000)
  eden space 153600K, 0% used [0x00000000d5580000,0x00000000d5580000,0x00000000deb80000)
  from space 27136K, 99% used [0x00000000e0c80000,0x00000000e26fcbd8,0x00000000e2700000)
  to   space 33792K, 0% used [0x00000000deb80000,0x00000000deb80000,0x00000000e0c80000)
 ParOldGen       total 111616K, used 67067K [0x0000000080000000, 0x0000000086d00000, 0x00000000d5580000)
  object space 111616K, 60% used [0x0000000080000000,0x000000008417eeb8,0x0000000086d00000)
 Metaspace       used 73605K, capacity 75764K, committed 75904K, reserved 1116160K
  class space    used 9322K, capacity 9806K, committed 9856K, reserved 1048576K
}
Event: 362.785 GC heap before
{Heap before GC invocations=35 (full 4):
 PSYoungGen      total 180736K, used 180722K [0x00000000d5580000, 0x00000000e3600000, 0x0000000100000000)
  eden space 153600K, 100% used [0x00000000d5580000,0x00000000deb80000,0x00000000deb80000)
  from space 27136K, 99% used [0x00000000e0c80000,0x00000000e26fcbd8,0x00000000e2700000)
  to   space 33792K, 0% used [0x00000000deb80000,0x00000000deb80000,0x00000000e0c80000)
 ParOldGen       total 111616K, used 67067K [0x0000000080000000, 0x0000000086d00000, 0x00000000d5580000)
  object space 111616K, 60% used [0x0000000080000000,0x000000008417eeb8,0x0000000086d00000)
 Metaspace       used 74335K, capacity 76500K, committed 76672K, reserved 1116160K
  class space    used 9359K, capacity 9838K, committed 9856K, reserved 1048576K
Event: 362.896 GC heap after
Heap after GC invocations=35 (full 4):
 PSYoungGen      total 187392K, used 33767K [0x00000000d5580000, 0x00000000e6480000, 0x0000000100000000)
  eden space 153600K, 0% used [0x00000000d5580000,0x00000000d5580000,0x00000000deb80000)
  from space 33792K, 99% used [0x00000000deb80000,0x00000000e0c79d70,0x00000000e0c80000)
  to   space 44032K, 0% used [0x00000000e3980000,0x00000000e3980000,0x00000000e6480000)
 ParOldGen       total 111616K, used 81334K [0x0000000080000000, 0x0000000086d00000, 0x00000000d5580000)
  object space 111616K, 72% used [0x0000000080000000,0x0000000084f6dbf0,0x0000000086d00000)
 Metaspace       used 74335K, capacity 76500K, committed 76672K, reserved 1116160K
  class space    used 9359K, capacity 9838K, committed 9856K, reserved 1048576K
}
Event: 363.569 GC heap before
{Heap before GC invocations=36 (full 4):
 PSYoungGen      total 187392K, used 187367K [0x00000000d5580000, 0x00000000e6480000, 0x0000000100000000)
  eden space 153600K, 100% used [0x00000000d5580000,0x00000000deb80000,0x00000000deb80000)
  from space 33792K, 99% used [0x00000000deb80000,0x00000000e0c79d70,0x00000000e0c80000)
  to   space 44032K, 0% used [0x00000000e3980000,0x00000000e3980000,0x00000000e6480000)
 ParOldGen       total 111616K, used 81334K [0x0000000080000000, 0x0000000086d00000, 0x00000000d5580000)
  object space 111616K, 72% used [0x0000000080000000,0x0000000084f6dbf0,0x0000000086d00000)
 Metaspace       used 74421K, capacity 76564K, committed 76672K, reserved 1116160K
  class space    used 9360K, capacity 9838K, committed 9856K, reserved 1048576K
Event: 363.686 GC heap after
Heap after GC invocations=36 (full 4):
 PSYoungGen      total 226304K, used 43638K [0x00000000d5580000, 0x00000000e7680000, 0x0000000100000000)
  eden space 182272K, 0% used [0x00000000d5580000,0x00000000d5580000,0x00000000e0780000)
  from space 44032K, 99% used [0x00000000e3980000,0x00000000e641d830,0x00000000e6480000)
  to   space 51200K, 0% used [0x00000000e0780000,0x00000000e0780000,0x00000000e3980000)
 ParOldGen       total 111616K, used 90071K [0x0000000080000000, 0x0000000086d00000, 0x00000000d5580000)
  object space 111616K, 80% used [0x0000000080000000,0x00000000857f5fb8,0x0000000086d00000)
 Metaspace       used 74421K, capacity 76564K, committed 76672K, reserved 1116160K
  class space    used 9360K, capacity 9838K, committed 9856K, reserved 1048576K
}
Event: 364.636 GC heap before
{Heap before GC invocations=37 (full 4):
 PSYoungGen      total 226304K, used 225910K [0x00000000d5580000, 0x00000000e7680000, 0x0000000100000000)
  eden space 182272K, 100% used [0x00000000d5580000,0x00000000e0780000,0x00000000e0780000)
  from space 44032K, 99% used [0x00000000e3980000,0x00000000e641d830,0x00000000e6480000)
  to   space 51200K, 0% used [0x00000000e0780000,0x00000000e0780000,0x00000000e3980000)
 ParOldGen       total 111616K, used 97516K [0x0000000080000000, 0x0000000086d00000, 0x00000000d5580000)
  object space 111616K, 87% used [0x0000000080000000,0x0000000085f3b3a0,0x0000000086d00000)
 Metaspace       used 74551K, capacity 76692K, committed 76928K, reserved 1116160K
  class space    used 9362K, capacity 9838K, committed 9856K, reserved 1048576K
Event: 364.737 GC heap after
Heap after GC invocations=37 (full 4):
 PSYoungGen      total 233472K, used 44224K [0x00000000d5580000, 0x00000000ea600000, 0x0000000100000000)
  eden space 182272K, 0% used [0x00000000d5580000,0x00000000d5580000,0x00000000e0780000)
  from space 51200K, 86% used [0x00000000e0780000,0x00000000e32b0190,0x00000000e3980000)
  to   space 56832K, 0% used [0x00000000e6e80000,0x00000000e6e80000,0x00000000ea600000)
 ParOldGen       total 111616K, used 106869K [0x0000000080000000, 0x0000000086d00000, 0x00000000d5580000)
  object space 111616K, 95% used [0x0000000080000000,0x000000008685d4c8,0x0000000086d00000)
 Metaspace       used 74551K, capacity 76692K, committed 76928K, reserved 1116160K
  class space    used 9362K, capacity 9838K, committed 9856K, reserved 1048576K
}
Event: 364.737 GC heap before
{Heap before GC invocations=38 (full 5):
 PSYoungGen      total 233472K, used 44224K [0x00000000d5580000, 0x00000000ea600000, 0x0000000100000000)
  eden space 182272K, 0% used [0x00000000d5580000,0x00000000d5580000,0x00000000e0780000)
  from space 51200K, 86% used [0x00000000e0780000,0x00000000e32b0190,0x00000000e3980000)
  to   space 56832K, 0% used [0x00000000e6e80000,0x00000000e6e80000,0x00000000ea600000)
 ParOldGen       total 111616K, used 106869K [0x0000000080000000, 0x0000000086d00000, 0x00000000d5580000)
  object space 111616K, 95% used [0x0000000080000000,0x000000008685d4c8,0x0000000086d00000)
 Metaspace       used 74551K, capacity 76692K, committed 76928K, reserved 1116160K
  class space    used 9362K, capacity 9838K, committed 9856K, reserved 1048576K

Deoptimization events (10 events):
Event: 363.891 Thread 0x0000000019655800 Uncommon trap: reason=class_check action=maybe_recompile pc=0x000000000526cab8 method=com.android.dx.cf.code.Ropper.processBlock(Lcom/android/dx/cf/code/ByteBlock;Lcom/android/dx/cf/code/Frame;[I)V @ 711
Event: 363.891 Thread 0x0000000019655800 Uncommon trap: reason=class_check action=maybe_recompile pc=0x000000000526cab8 method=com.android.dx.cf.code.Ropper.processBlock(Lcom/android/dx/cf/code/ByteBlock;Lcom/android/dx/cf/code/Frame;[I)V @ 711
Event: 363.892 Thread 0x0000000019655800 Uncommon trap: reason=class_check action=maybe_recompile pc=0x000000000526cab8 method=com.android.dx.cf.code.Ropper.processBlock(Lcom/android/dx/cf/code/ByteBlock;Lcom/android/dx/cf/code/Frame;[I)V @ 711
Event: 364.245 Thread 0x000000001964d800 Uncommon trap: reason=unstable_if action=reinterpret pc=0x0000000005656ec8 method=java.util.concurrent.ConcurrentHashMap.putVal(Ljava/lang/Object;Ljava/lang/Object;Z)Ljava/lang/Object; @ 331
Event: 364.344 Thread 0x000000001964c000 Uncommon trap: reason=class_check action=maybe_recompile pc=0x0000000004aa03bc method=com.android.dx.rop.code.RegisterSpec.withSimpleType()Lcom/android/dx/rop/code/RegisterSpec; @ 21
Event: 364.344 Thread 0x000000001964c000 Uncommon trap: reason=class_check action=maybe_recompile pc=0x0000000004aa03bc method=com.android.dx.rop.code.RegisterSpec.withSimpleType()Lcom/android/dx/rop/code/RegisterSpec; @ 21
Event: 364.344 Thread 0x000000001964c000 Uncommon trap: reason=class_check action=maybe_recompile pc=0x0000000004aa03bc method=com.android.dx.rop.code.RegisterSpec.withSimpleType()Lcom/android/dx/rop/code/RegisterSpec; @ 21
Event: 364.344 Thread 0x000000001964c000 Uncommon trap: reason=class_check action=maybe_recompile pc=0x0000000004aa03bc method=com.android.dx.rop.code.RegisterSpec.withSimpleType()Lcom/android/dx/rop/code/RegisterSpec; @ 21
Event: 364.359 Thread 0x0000000019658000 Uncommon trap: reason=unstable_if action=reinterpret pc=0x0000000005614cf8 method=com.android.dx.rop.code.RegisterSpec.equals(ILcom/android/dx/rop/type/TypeBearer;Lcom/android/dx/rop/code/LocalItem;)Z @ 42
Event: 364.568 Thread 0x0000000019653800 Uncommon trap: reason=unstable_if action=reinterpret pc=0x0000000002ec9f24 method=java.util.HashMap.getNode(ILjava/lang/Object;)Ljava/util/HashMap$Node; @ 84

Internal exceptions (10 events):
Event: 360.201 Thread 0x000000001f352000 Exception <a 'sun/nio/fs/WindowsException'> (0x00000000d7123800) thrown at [C:\re\workspace\8-2-build-windows-amd64-cygwin\jdk8u131\8869\hotspot\src\share\vm\prims\jni.cpp, line 709]
Event: 360.202 Thread 0x000000001f352800 Exception <a 'sun/nio/fs/WindowsException'> (0x00000000d712e320) thrown at [C:\re\workspace\8-2-build-windows-amd64-cygwin\jdk8u131\8869\hotspot\src\share\vm\prims\jni.cpp, line 709]
Event: 360.202 Thread 0x000000001f355800 Exception <a 'sun/nio/fs/WindowsException'> (0x00000000d7184a58) thrown at [C:\re\workspace\8-2-build-windows-amd64-cygwin\jdk8u131\8869\hotspot\src\share\vm\prims\jni.cpp, line 709]
Event: 360.202 Thread 0x000000001f352800 Exception <a 'sun/nio/fs/WindowsException'> (0x00000000d712ec20) thrown at [C:\re\workspace\8-2-build-windows-amd64-cygwin\jdk8u131\8869\hotspot\src\share\vm\prims\jni.cpp, line 709]
Event: 360.202 Thread 0x000000001f355800 Exception <a 'sun/nio/fs/WindowsException'> (0x00000000d71852d8) thrown at [C:\re\workspace\8-2-build-windows-amd64-cygwin\jdk8u131\8869\hotspot\src\share\vm\prims\jni.cpp, line 709]
Event: 360.202 Thread 0x000000001f352000 Exception <a 'sun/nio/fs/WindowsException'> (0x00000000d71245c8) thrown at [C:\re\workspace\8-2-build-windows-amd64-cygwin\jdk8u131\8869\hotspot\src\share\vm\prims\jni.cpp, line 709]
Event: 360.202 Thread 0x000000001f352000 Exception <a 'sun/nio/fs/WindowsException'> (0x00000000d7124df8) thrown at [C:\re\workspace\8-2-build-windows-amd64-cygwin\jdk8u131\8869\hotspot\src\share\vm\prims\jni.cpp, line 709]
Event: 360.203 Thread 0x000000001f355000 Exception <a 'sun/nio/fs/WindowsException'> (0x00000000d7157fd8) thrown at [C:\re\workspace\8-2-build-windows-amd64-cygwin\jdk8u131\8869\hotspot\src\share\vm\prims\jni.cpp, line 709]
Event: 360.203 Thread 0x000000001f355000 Exception <a 'sun/nio/fs/WindowsException'> (0x00000000d7158838) thrown at [C:\re\workspace\8-2-build-windows-amd64-cygwin\jdk8u131\8869\hotspot\src\share\vm\prims\jni.cpp, line 709]
Event: 361.529 Thread 0x0000000019653800 Implicit null exception at 0x00000000055f88a9 to 0x00000000055f9d29

Events (10 events):
Event: 364.534 Executing VM operation: ParallelGCFailedAllocation
Event: 364.535 Executing VM operation: ParallelGCFailedAllocation done
Event: 364.568 Thread 0x0000000019653800 Uncommon trap: trap_request=0xffffff65 fr.pc=0x0000000002ec9f24
Event: 364.568 Thread 0x0000000019653800 DEOPT PACKING pc=0x0000000002ec9f24 sp=0x0000000024e8e550
Event: 364.568 Thread 0x0000000019653800 DEOPT UNPACKING pc=0x00000000027e582a sp=0x0000000024e8e4c8 mode 2
Event: 364.596 Thread 0x0000000019659800 DEOPT PACKING pc=0x00000000056e8d2c sp=0x000000002578e470
Event: 364.598 Thread 0x000000001964f800 Thread exited: 0x000000001964f800
Event: 364.598 Thread 0x000000001964e000 Thread exited: 0x000000001964e000
Event: 364.614 Thread 0x0000000019659800 DEOPT UNPACKING pc=0x00000000027e747f sp=0x000000002578e1f0 mode 0
Event: 364.635 Executing VM operation: ParallelGCSystemGC


Dynamic libraries:
0x00007ff783d60000 - 0x00007ff783d97000 	C:\Program Files\Java\jdk1.8.0_131\bin\java.exe
0x00007ffe1c010000 - 0x00007ffe1c1ba000 	C:\Windows\SYSTEM32\ntdll.dll
0x00007ffe19a80000 - 0x00007ffe19bba000 	C:\Windows\system32\KERNEL32.DLL
0x00007ffe19450000 - 0x00007ffe19560000 	C:\Windows\system32\KERNELBASE.dll
0x00007ffe17f20000 - 0x00007ffe17fa8000 	C:\Windows\system32\apphelp.dll
0x00007ffe11b50000 - 0x00007ffe11b9f000 	C:\Windows\AppPatch\AppPatch64\AcGenral.DLL
0x00007ffe1be20000 - 0x00007ffe1bec7000 	C:\Windows\system32\msvcrt.dll
0x00007ffe19160000 - 0x00007ffe1918b000 	C:\Windows\SYSTEM32\SspiCli.dll
0x00007ffe1a640000 - 0x00007ffe1a691000 	C:\Windows\system32\SHLWAPI.dll
0x00007ffe1a1a0000 - 0x00007ffe1a311000 	C:\Windows\system32\USER32.dll
0x00007ffe1a880000 - 0x00007ffe1a9f8000 	C:\Windows\system32\ole32.dll
0x00007ffe1aa00000 - 0x00007ffe1be17000 	C:\Windows\system32\SHELL32.dll
0x00007ffe18990000 - 0x00007ffe189af000 	C:\Windows\SYSTEM32\USERENV.dll
0x00007ffe1a6a0000 - 0x00007ffe1a745000 	C:\Windows\system32\ADVAPI32.dll
0x00007ffe126d0000 - 0x00007ffe126eb000 	C:\Windows\SYSTEM32\MPR.dll
0x00007ffe1bed0000 - 0x00007ffe1c006000 	C:\Windows\system32\RPCRT4.dll
0x00007ffe1a820000 - 0x00007ffe1a877000 	C:\Windows\SYSTEM32\sechost.dll
0x00007ffe1a460000 - 0x00007ffe1a636000 	C:\Windows\SYSTEM32\combase.dll
0x00007ffe19f00000 - 0x00007ffe1a045000 	C:\Windows\system32\GDI32.dll
0x00007ffe19380000 - 0x00007ffe19394000 	C:\Windows\SYSTEM32\profapi.dll
0x00007ffe178f0000 - 0x00007ffe1798f000 	C:\Windows\SYSTEM32\SHCORE.dll
0x00007ffe19890000 - 0x00007ffe198c4000 	C:\Windows\system32\IMM32.DLL
0x00007ffe1a320000 - 0x00007ffe1a459000 	C:\Windows\system32\MSCTF.dll
0x00007ffe17a00000 - 0x00007ffe17c5a000 	C:\Windows\WinSxS\amd64_microsoft.windows.common-controls_6595b64144ccf1df_6.0.9600.17031_none_6242a4b3ecbb55a1\COMCTL32.dll
0x0000000050ae0000 - 0x0000000050bb2000 	C:\Program Files\Java\jdk1.8.0_131\jre\bin\msvcr100.dll
0x0000000050240000 - 0x0000000050adc000 	C:\Program Files\Java\jdk1.8.0_131\jre\bin\server\jvm.dll
0x00007ffe16f50000 - 0x00007ffe16f59000 	C:\Windows\SYSTEM32\WSOCK32.dll
0x00007ffe128e0000 - 0x00007ffe128ff000 	C:\Windows\SYSTEM32\WINMM.dll
0x00007ffe13030000 - 0x00007ffe1303a000 	C:\Windows\SYSTEM32\VERSION.dll
0x00007ffe1a810000 - 0x00007ffe1a817000 	C:\Windows\system32\PSAPI.DLL
0x00007ffe19ea0000 - 0x00007ffe19ef8000 	C:\Windows\system32\WS2_32.dll
0x00007ffe126a0000 - 0x00007ffe126ca000 	C:\Windows\SYSTEM32\WINMMBASE.dll
0x00007ffe19c80000 - 0x00007ffe19c89000 	C:\Windows\system32\NSI.dll
0x00007ffe19560000 - 0x00007ffe195aa000 	C:\Windows\SYSTEM32\cfgmgr32.dll
0x00007ffe181b0000 - 0x00007ffe181d6000 	C:\Windows\SYSTEM32\DEVOBJ.dll
0x0000000050e50000 - 0x0000000050e5f000 	C:\Program Files\Java\jdk1.8.0_131\jre\bin\verify.dll
0x0000000050210000 - 0x0000000050239000 	C:\Program Files\Java\jdk1.8.0_131\jre\bin\java.dll
0x00000000501f0000 - 0x0000000050206000 	C:\Program Files\Java\jdk1.8.0_131\jre\bin\zip.dll
0x00000000501d0000 - 0x00000000501ea000 	C:\Program Files\Java\jdk1.8.0_131\jre\bin\net.dll
0x00007ffe18be0000 - 0x00007ffe18c38000 	C:\Windows\system32\mswsock.dll
0x00000000501b0000 - 0x00000000501c1000 	C:\Program Files\Java\jdk1.8.0_131\jre\bin\nio.dll
0x00007ffe16920000 - 0x00007ffe16932000 	C:\Users\promatics\.gradle\native\19\windows-amd64\native-platform.dll
0x00007ffe18c40000 - 0x00007ffe18c5e000 	C:\Windows\SYSTEM32\CRYPTSP.dll
0x00007ffe18880000 - 0x00007ffe188b5000 	C:\Windows\system32\rsaenh.dll
0x00007ffe18e70000 - 0x00007ffe18e96000 	C:\Windows\SYSTEM32\bcrypt.dll
0x00007ffe19190000 - 0x00007ffe191f0000 	C:\Windows\system32\bcryptprimitives.dll
0x00007ffe191f0000 - 0x00007ffe191fa000 	C:\Windows\SYSTEM32\CRYPTBASE.dll
0x00007ffe15050000 - 0x00007ffe15079000 	C:\Windows\SYSTEM32\IPHLPAPI.DLL
0x00007ffe15030000 - 0x00007ffe1503a000 	C:\Windows\SYSTEM32\WINNSI.DLL
0x00007ffe14eb0000 - 0x00007ffe14ec4000 	C:\Windows\SYSTEM32\dhcpcsvc6.DLL
0x00007ffe14e90000 - 0x00007ffe14ea9000 	C:\Windows\SYSTEM32\dhcpcsvc.DLL
0x0000000050e40000 - 0x0000000050e4d000 	C:\Program Files\Java\jdk1.8.0_131\jre\bin\management.dll
0x0000000050180000 - 0x00000000501a4000 	C:\Program Files\Java\jdk1.8.0_131\jre\bin\sunec.dll
0x00007ffe189f0000 - 0x00007ffe18a93000 	C:\Windows\SYSTEM32\DNSAPI.dll
0x00007ffe12d30000 - 0x00007ffe12d39000 	C:\Windows\System32\rasadhlp.dll
0x00007ffe14ee0000 - 0x00007ffe14f47000 	C:\Windows\System32\fwpuclnt.dll
0x0000000050170000 - 0x000000005017b000 	C:\Program Files\Java\jdk1.8.0_131\jre\bin\sunmscapi.dll
0x00007ffe19660000 - 0x00007ffe19837000 	C:\Windows\system32\CRYPT32.dll
0x00007ffe19430000 - 0x00007ffe19442000 	C:\Windows\system32\MSASN1.dll
0x00007ffe14ac0000 - 0x00007ffe14af0000 	C:\Windows\SYSTEM32\ntmarta.dll
0x00007ffe102e0000 - 0x00007ffe10468000 	C:\Windows\SYSTEM32\dbghelp.dll

VM Arguments:
jvm_args: -Xmx2048m -Dfile.encoding=windows-1252 -Duser.country=US -Duser.language=en -Duser.variant 
java_command: org.gradle.launcher.daemon.bootstrap.GradleDaemon 2.14.1
java_class_path (initial): C:\Users\promatics\.gradle\wrapper\dists\gradle-2.14.1-all\53l0mv9mggp9q5m2ip574m21oh\gradle-2.14.1\lib\gradle-launcher-2.14.1.jar
Launcher Type: SUN_STANDARD

Environment Variables:
JAVA_HOME=C:\Program Files\Java\jdk1.8.0_131
CLASSPATH=E:\ooLaga customer without fb login\ooLaga customer\platforms\android\\gradle\wrapper\gradle-wrapper.jar
PATH=C:\Program Files (x86)\Common Files\Oracle\Java\javapath;C:\ProgramData\Oracle\Java\javapath;C:\Windows\system32;C:\Windows;C:\Windows\System32\Wbem;C:\Windows\System32\WindowsPowerShell\v1.0\;C:\Program Files (x86)\PuTTY\;C:\Program Files\Git\cmd;C:\Python27;C:\Program Files (x86)\Windows Kits\8.1\Windows Performance Toolkit\;C:\Program Files\gradle-2.8-all\gradle-2.8\bin;C:\Program Files\nodejs\;C:\Program Files\Java\jdk1.8.0_131\bin;C:\Users\promatics\AppData\Local\GitHubDesktop\bin;E:\android-sdk-windows\android-sdk-windows\tools\bin;C:\Python27\;C:\Users\promatics\AppData\Roaming\npm;D:\android-sdk-windows\android-sdk-windows\tools;D:\android-sdk-windows\android-sdk-windows\platform-tools
USERNAME=promatics
OS=Windows_NT
PROCESSOR_IDENTIFIER=Intel64 Family 6 Model 37 Stepping 5, GenuineIntel



---------------  S Y S T E M  ---------------

OS: Windows 8.1 , 64 bit Build 9600 (6.3.9600.17031)

CPU:total 4 (initial active 4) (2 cores per cpu, 2 threads per core) family 6 model 37 stepping 5, cmov, cx8, fxsr, mmx, sse, sse2, sse3, ssse3, sse4.1, sse4.2, popcnt, ht, tsc, tscinvbit

Memory: 4k page, physical 3986760k(1657412k free), swap 6739272k(3585500k free)

vm_info: Java HotSpot(TM) 64-Bit Server VM (25.131-b11) for windows-amd64 JRE (1.8.0_131-b11), built on Mar 15 2017 01:23:53 by "java_re" with MS VC++ 10.0 (VS2010)

time: Sat Aug 11 20:27:11 2018
elapsed time: 365 seconds (0d 0h 6m 5s)

