#
# A fatal error has been detected by the Java Runtime Environment:
#
#  EXCEPTION_ACCESS_VIOLATION (0xc0000005) at pc=0x00000000502a10b0, pid=5832, tid=0x00000000000012b0
#
# JRE version: Java(TM) SE Runtime Environment (8.0_131-b11) (build 1.8.0_131-b11)
# Java VM: Java HotSpot(TM) 64-Bit Server VM (25.131-b11 mixed mode windows-amd64 compressed oops)
# Problematic frame:
# V  [jvm.dll+0x610b0]
#
# Failed to write core dump. Minidumps are not enabled by default on client versions of Windows
#
# If you would like to submit a bug report, please visit:
#   http://bugreport.java.com/bugreport/crash.jsp
#

---------------  T H R E A D  ---------------

Current thread (0x000000001a3cc000):  JavaThread "Daemon worker" [_thread_in_vm, id=4784, stack(0x000000001b900000,0x000000001ba00000)]

siginfo: ExceptionCode=0xc0000005, reading address 0x00000000180044d0

Registers:
RAX=0x00000000025ed450, RBX=0x00000000180044d0, RCX=0x00000000025ee530, RDX=0x0000000000000010
RSP=0x000000001b9f67b0, RBP=0x000000001e112d30, RSI=0x00000000a53a15c0, RDI=0x000000000000000c
R8 =0x00000000a53a15c0, R9 =0x000000001e112d30, R10=0x0000000000000010, R11=0x000000000000000c
R12=0x000000000243eaa0, R13=0x0000000000000001, R14=0x000000001e112e80, R15=0x0000000000000001
RIP=0x00000000502a10b0, EFLAGS=0x0000000000010202

Top of Stack: (sp=0x000000001b9f67b0)
0x000000001b9f67b0:   0000000000000000 000000005045718d
0x000000001b9f67c0:   0000000000000000 0000000000000042
0x000000001b9f67d0:   000000001b9f68e8 00000000502a128f
0x000000001b9f67e0:   000000001e112d30 000000001e112d30
0x000000001b9f67f0:   0000000000000001 00000000504d67f8
0x000000001b9f6800:   000000000000000c b0c69c4c5f8ab133
0x000000001b9f6810:   000000000243c830 00000000502a12c9
0x000000001b9f6820:   000000000243c830 0000000000000000
0x000000001b9f6830:   00003185821ead8b 000000001b9f6990
0x000000001b9f6840:   000000001e110ba0 000000001b9f6938
0x000000001b9f6850:   000000001a3cc000 0000000050241b38
0x000000001b9f6860:   000000001a4007d0 0000000000000000
0x000000001b9f6870:   000000000243eaa0 000000001a3cc000
0x000000001b9f6880:   000000001a4007d0 00000000502a02ac
0x000000001b9f6890:   0000000000000000 000000001b9f6990
0x000000001b9f68a0:   000000000243eaa0 0000000000000000 

Instructions: (pc=0x00000000502a10b0)
0x00000000502a1090:   48 83 ec 20 48 8b 41 08 4c 63 d2 49 8b e9 4a 8b
0x00000000502a10a0:   1c d0 41 8b f0 48 85 db 74 32 48 8b 7c 24 50 90
0x00000000502a10b0:   39 33 75 1e 48 8b 53 10 4c 8b c7 48 8b cd ff 15
0x00000000502a10c0:   64 b4 57 00 85 c0 75 0a 48 8b 43 10 80 3c 07 00 


Register to memory mapping:

RAX=0x00000000025ed450 is an unknown value
RBX=0x00000000180044d0 is an unknown value
RCX=0x00000000025ee530 is an unknown value
RDX=0x0000000000000010 is an unknown value
RSP=0x000000001b9f67b0 is pointing into the stack for thread: 0x000000001a3cc000
RBP=0x000000001e112d30 is an unknown value
RSI=0x00000000a53a15c0 is an unallocated location in the heap
RDI=0x000000000000000c is an unknown value
R8 =0x00000000a53a15c0 is an unallocated location in the heap
R9 =0x000000001e112d30 is an unknown value
R10=0x0000000000000010 is an unknown value
R11=0x000000000000000c is an unknown value
R12=0x000000000243eaa0 is an unknown value
R13=0x0000000000000001 is an unknown value
R14=0x000000001e112e80 is an unknown value
R15=0x0000000000000001 is an unknown value


Stack: [0x000000001b900000,0x000000001ba00000],  sp=0x000000001b9f67b0,  free space=985k
Native frames: (J=compiled Java code, j=interpreted, Vv=VM code, C=native code)
V  [jvm.dll+0x610b0]
V  [jvm.dll+0x6128f]
V  [jvm.dll+0x612c9]
V  [jvm.dll+0x1b38]
V  [jvm.dll+0x602ac]
V  [jvm.dll+0x7c629]
V  [jvm.dll+0x7cf04]
V  [jvm.dll+0x7e5d6]
V  [jvm.dll+0x1920eb]
C  [java.dll+0x20bd]
C  0x000000000286c789

Java frames: (J=compiled Java code, j=interpreted, Vv=VM code)
J 285  java.lang.ClassLoader.findBootstrapClass(Ljava/lang/String;)Ljava/lang/Class; (0 bytes) @ 0x000000000286c70f [0x000000000286c6c0+0x4f]
J 1713 C2 java.lang.ClassLoader.loadClass(Ljava/lang/String;Z)Ljava/lang/Class; (122 bytes) @ 0x0000000002dd6788 [0x0000000002dd63c0+0x3c8]
J 1713 C2 java.lang.ClassLoader.loadClass(Ljava/lang/String;Z)Ljava/lang/Class; (122 bytes) @ 0x0000000002dd66bc [0x0000000002dd63c0+0x2fc]
J 1713 C2 java.lang.ClassLoader.loadClass(Ljava/lang/String;Z)Ljava/lang/Class; (122 bytes) @ 0x0000000002dd66bc [0x0000000002dd63c0+0x2fc]
J 1713 C2 java.lang.ClassLoader.loadClass(Ljava/lang/String;Z)Ljava/lang/Class; (122 bytes) @ 0x0000000002dd66bc [0x0000000002dd63c0+0x2fc]
J 284 C1 java.lang.ClassLoader.loadClass(Ljava/lang/String;)Ljava/lang/Class; (7 bytes) @ 0x000000000286cb8c [0x000000000286ca80+0x10c]
v  ~StubRoutines::call_stub
J 610  java.lang.ClassLoader.defineClass1(Ljava/lang/String;[BIILjava/security/ProtectionDomain;Ljava/lang/String;)Ljava/lang/Class; (0 bytes) @ 0x0000000002978d5f [0x0000000002978cc0+0x9f]
J 441 C1 java.lang.ClassLoader.defineClass(Ljava/lang/String;[BIILjava/security/ProtectionDomain;)Ljava/lang/Class; (43 bytes) @ 0x00000000028ee8e4 [0x00000000028ee300+0x5e4]
J 2525 C1 java.security.SecureClassLoader.defineClass(Ljava/lang/String;[BIILjava/security/CodeSource;)Ljava/lang/Class; (16 bytes) @ 0x0000000002f7b0a4 [0x0000000002f7b000+0xa4]
J 2680 C2 java.net.URLClassLoader$1.run()Ljava/lang/Object; (5 bytes) @ 0x000000000322d2a4 [0x000000000322bb00+0x17a4]
v  ~StubRoutines::call_stub
J 211  java.security.AccessController.doPrivileged(Ljava/security/PrivilegedExceptionAction;Ljava/security/AccessControlContext;)Ljava/lang/Object; (0 bytes) @ 0x00000000028473a6 [0x0000000002847340+0x66]
J 1481 C2 java.net.URLClassLoader.findClass(Ljava/lang/String;)Ljava/lang/Class; (47 bytes) @ 0x0000000002bc30f0 [0x0000000002bc3060+0x90]
J 1713 C2 java.lang.ClassLoader.loadClass(Ljava/lang/String;Z)Ljava/lang/Class; (122 bytes) @ 0x0000000002dd67c0 [0x0000000002dd63c0+0x400]
J 284 C1 java.lang.ClassLoader.loadClass(Ljava/lang/String;)Ljava/lang/Class; (7 bytes) @ 0x000000000286cb8c [0x000000000286ca80+0x10c]
v  ~StubRoutines::call_stub
j  org.apache.xerces.jaxp.DocumentBuilderImpl.<init>(Lorg/apache/xerces/jaxp/DocumentBuilderFactoryImpl;Ljava/util/Hashtable;Ljava/util/Hashtable;Z)V+10
j  org.apache.xerces.jaxp.DocumentBuilderFactoryImpl.newDocumentBuilder()Ljavax/xml/parsers/DocumentBuilder;+101
j  org.apache.ivy.util.XMLHelper.getDocBuilder(Lorg/xml/sax/EntityResolver;)Ljavax/xml/parsers/DocumentBuilder;+10
j  org.gradle.api.internal.artifacts.ivyservice.ivyresolve.parser.PomReader.parseToDom(Ljava/io/InputStream;Ljava/lang/String;)Lorg/w3c/dom/Document;+38
j  org.gradle.api.internal.artifacts.ivyservice.ivyresolve.parser.PomReader$1.transform(Ljava/io/InputStream;)Lorg/w3c/dom/Document;+5
j  org.gradle.api.internal.artifacts.ivyservice.ivyresolve.parser.PomReader$1.transform(Ljava/lang/Object;)Ljava/lang/Object;+5
j  org.gradle.internal.resource.AbstractExternalResource.withContent(Lorg/gradle/api/Transformer;)Ljava/lang/Object;+7
j  org.gradle.api.internal.artifacts.ivyservice.ivyresolve.parser.PomReader.<init>(Lorg/gradle/internal/resource/local/LocallyAvailableExternalResource;)V+66
j  org.gradle.api.internal.artifacts.ivyservice.ivyresolve.parser.GradlePomModuleDescriptorParser.doParseDescriptor(Lorg/gradle/api/internal/artifacts/ivyservice/ivyresolve/parser/DescriptorParseContext;Lorg/gradle/internal/resource/local/LocallyAvailableExternalResource;Z)Lorg/gradle/internal/component/external/model/DefaultMavenModuleResolveMetaData;+5
j  org.gradle.api.internal.artifacts.ivyservice.ivyresolve.parser.GradlePomModuleDescriptorParser.doParseDescriptor(Lorg/gradle/api/internal/artifacts/ivyservice/ivyresolve/parser/DescriptorParseContext;Lorg/gradle/internal/resource/local/LocallyAvailableExternalResource;Z)Lorg/gradle/internal/component/external/model/MutableModuleComponentResolveMetaData;+4
j  org.gradle.api.internal.artifacts.ivyservice.ivyresolve.parser.AbstractModuleDescriptorParser.parseDescriptor(Lorg/gradle/api/internal/artifacts/ivyservice/ivyresolve/parser/DescriptorParseContext;Lorg/gradle/internal/resource/local/LocallyAvailableExternalResource;Z)Lorg/gradle/internal/component/external/model/MutableModuleComponentResolveMetaData;+4
j  org.gradle.api.internal.artifacts.ivyservice.ivyresolve.parser.AbstractModuleDescriptorParser.parseMetaData(Lorg/gradle/api/internal/artifacts/ivyservice/ivyresolve/parser/DescriptorParseContext;Lorg/gradle/internal/resource/local/LocallyAvailableExternalResource;)Lorg/gradle/internal/component/external/model/MutableModuleComponentResolveMetaData;+4
j  org.gradle.api.internal.artifacts.repositories.resolver.MavenResolver.parseMetaDataFromResource(Lorg/gradle/api/artifacts/component/ModuleComponentIdentifier;Lorg/gradle/internal/resource/local/LocallyAvailableExternalResource;Lorg/gradle/api/internal/artifacts/ivyservice/ivyresolve/parser/DescriptorParseContext;)Lorg/gradle/internal/component/external/model/MutableModuleComponentResolveMetaData;+6
j  org.gradle.api.internal.artifacts.repositories.resolver.ExternalResourceResolver.parseMetaDataFromArtifact(Lorg/gradle/api/artifacts/component/ModuleComponentIdentifier;Lorg/gradle/api/internal/artifacts/repositories/resolver/ExternalResourceArtifactResolver;Lorg/gradle/internal/resolve/result/ResourceAwareResolveResult;)Lorg/gradle/internal/component/external/model/MutableModuleComponentResolveMetaData;+44
j  org.gradle.api.internal.artifacts.repositories.resolver.ExternalResourceResolver.resolveStaticDependency(Lorg/gradle/api/artifacts/component/ModuleComponentIdentifier;Lorg/gradle/internal/component/model/ComponentOverrideMetadata;Lorg/gradle/internal/resolve/result/BuildableModuleComponentMetaDataResolveResult;Lorg/gradle/api/internal/artifacts/repositories/resolver/ExternalResourceArtifactResolver;)V+5
j  org.gradle.api.internal.artifacts.repositories.resolver.MavenResolver.doResolveComponentMetaData(Lorg/gradle/api/artifacts/component/ModuleComponentIdentifier;Lorg/gradle/internal/component/model/ComponentOverrideMetadata;Lorg/gradle/internal/resolve/result/BuildableModuleComponentMetaDataResolveResult;)V+84
j  org.gradle.api.internal.artifacts.repositories.resolver.ExternalResourceResolver$RemoteRepositoryAccess.resolveComponentMetaData(Lorg/gradle/api/artifacts/component/ModuleComponentIdentifier;Lorg/gradle/internal/component/model/ComponentOverrideMetadata;Lorg/gradle/internal/resolve/result/BuildableModuleComponentMetaDataResolveResult;)V+7
j  org.gradle.api.internal.artifacts.ivyservice.ivyresolve.LocalModuleComponentRepository$LocalAccess.resolveComponentMetaData(Lorg/gradle/api/artifacts/component/ModuleComponentIdentifier;Lorg/gradle/internal/component/model/ComponentOverrideMetadata;Lorg/gradle/internal/resolve/result/BuildableModuleComponentMetaDataResolveResult;)V+44
j  org.gradle.api.internal.artifacts.ivyservice.ivyresolve.BaseModuleComponentRepositoryAccess.resolveComponentMetaData(Lorg/gradle/api/artifacts/component/ModuleComponentIdentifier;Lorg/gradle/internal/component/model/ComponentOverrideMetadata;Lorg/gradle/internal/resolve/result/BuildableModuleComponentMetaDataResolveResult;)V+7
j  org.gradle.api.internal.artifacts.ivyservice.ivyresolve.memcache.InMemoryCachedModuleComponentRepository$CachedAccess.resolveComponentMetaData(Lorg/gradle/api/artifacts/component/ModuleComponentIdentifier;Lorg/gradle/internal/component/model/ComponentOverrideMetadata;Lorg/gradle/internal/resolve/result/BuildableModuleComponentMetaDataResolveResult;)V+16
j  org.gradle.api.internal.artifacts.ivyservice.ivyresolve.ErrorHandlingModuleComponentRepository$ErrorHandlingModuleComponentRepositoryAccess.resolveComponentMetaData(Lorg/gradle/api/artifacts/component/ModuleComponentIdentifier;Lorg/gradle/internal/component/model/ComponentOverrideMetadata;Lorg/gradle/internal/resolve/result/BuildableModuleComponentMetaDataResolveResult;)V+7
j  org.gradle.api.internal.artifacts.ivyservice.ivyresolve.ComponentMetaDataResolveState.process(Lorg/gradle/api/internal/artifacts/ivyservice/ivyresolve/ModuleComponentRepositoryAccess;)V+13
j  org.gradle.api.internal.artifacts.ivyservice.ivyresolve.ComponentMetaDataResolveState.resolve()Lorg/gradle/internal/resolve/result/BuildableModuleComponentMetaDataResolveResult;+22
j  org.gradle.api.internal.artifacts.ivyservice.ivyresolve.RepositoryChainComponentMetaDataResolver.findBestMatch(Ljava/util/LinkedList;Ljava/util/Collection;Ljava/util/Collection;)Lorg/gradle/api/internal/artifacts/ivyservice/ivyresolve/RepositoryChainModuleResolution;+21
j  org.gradle.api.internal.artifacts.ivyservice.ivyresolve.RepositoryChainComponentMetaDataResolver.findBestMatch(Ljava/util/List;Ljava/util/Collection;)Lorg/gradle/api/internal/artifacts/ivyservice/ivyresolve/RepositoryChainModuleResolution;+28
j  org.gradle.api.internal.artifacts.ivyservice.ivyresolve.RepositoryChainComponentMetaDataResolver.resolveModule(Lorg/gradle/api/artifacts/component/ModuleComponentIdentifier;Lorg/gradle/internal/component/model/ComponentOverrideMetadata;Lorg/gradle/internal/resolve/result/BuildableComponentResolveResult;)V+97
j  org.gradle.api.internal.artifacts.ivyservice.ivyresolve.RepositoryChainComponentMetaDataResolver.resolve(Lorg/gradle/api/artifacts/component/ComponentIdentifier;Lorg/gradle/internal/component/model/ComponentOverrideMetadata;Lorg/gradle/internal/resolve/result/BuildableComponentResolveResult;)V+24
j  org.gradle.api.internal.artifacts.ivyservice.resolveengine.ComponentResolversChain$ComponentMetaDataResolverChain.resolve(Lorg/gradle/api/artifacts/component/ComponentIdentifier;Lorg/gradle/internal/component/model/ComponentOverrideMetadata;Lorg/gradle/internal/resolve/result/BuildableComponentResolveResult;)V+48
j  org.gradle.api.internal.artifacts.ivyservice.clientmodule.ClientModuleResolver.resolve(Lorg/gradle/api/artifacts/component/ComponentIdentifier;Lorg/gradle/internal/component/model/ComponentOverrideMetadata;Lorg/gradle/internal/resolve/result/BuildableComponentResolveResult;)V+7
j  org.gradle.api.internal.artifacts.ivyservice.resolveengine.graph.DependencyGraphBuilder$ModuleVersionResolveState.resolve()V+92
J 5225 C1 org.gradle.api.internal.artifacts.ivyservice.resolveengine.graph.DependencyGraphBuilder$DependencyEdge.calculateTargetConfigurations()V (110 bytes) @ 0x0000000002b62d54 [0x0000000002b62b80+0x1d4]
J 3760 C1 org.gradle.api.internal.artifacts.ivyservice.resolveengine.graph.DependencyGraphBuilder$DependencyEdge.attachToTargetConfigurations()V (79 bytes) @ 0x000000000330e184 [0x000000000330e100+0x84]
j  org.gradle.api.internal.artifacts.ivyservice.resolveengine.graph.DependencyGraphBuilder.traverseGraph(Lorg/gradle/api/internal/artifacts/ivyservice/resolveengine/graph/DependencyGraphBuilder$ResolveState;Lorg/gradle/api/internal/artifacts/ivyservice/resolveengine/graph/conflicts/ConflictHandler;)V+229
j  org.gradle.api.internal.artifacts.ivyservice.resolveengine.graph.DependencyGraphBuilder.resolve(Lorg/gradle/api/internal/artifacts/ResolveContext;Lorg/gradle/api/internal/artifacts/ivyservice/resolveengine/graph/DependencyGraphVisitor;)V+79
j  org.gradle.api.internal.artifacts.ivyservice.resolveengine.DefaultArtifactDependencyResolver$1.execute(Lorg/apache/ivy/Ivy;)V+135
j  org.gradle.api.internal.artifacts.ivyservice.resolveengine.DefaultArtifactDependencyResolver$1.execute(Ljava/lang/Object;)V+5
j  org.gradle.internal.Transformers$4.transform(Ljava/lang/Object;)Ljava/lang/Object;+5
j  org.gradle.api.internal.artifacts.ivyservice.DefaultIvyContextManager.withIvy(Lorg/gradle/api/Transformer;)Ljava/lang/Object;+96
j  org.gradle.api.internal.artifacts.ivyservice.DefaultIvyContextManager.withIvy(Lorg/gradle/api/Action;)V+5
j  org.gradle.api.internal.artifacts.ivyservice.resolveengine.DefaultArtifactDependencyResolver.resolve(Lorg/gradle/api/internal/artifacts/ResolveContext;Ljava/util/List;Lorg/gradle/api/internal/artifacts/GlobalDependencyResolutionRules;Lorg/gradle/api/internal/artifacts/ivyservice/resolveengine/graph/DependencyGraphVisitor;Lorg/gradle/api/internal/artifacts/ivyservice/resolveengine/artifact/DependencyArtifactsVisitor;)V+19
j  org.gradle.api.internal.artifacts.ivyservice.CacheLockingArtifactDependencyResolver$1.run()V+27
J 5246 C1 org.gradle.internal.Factories$1.create()Ljava/lang/Object; (11 bytes) @ 0x00000000029b83c4 [0x00000000029b82c0+0x104]
J 5265 C1 org.gradle.cache.internal.DefaultCacheAccess.useCache(Ljava/lang/String;Lorg/gradle/internal/Factory;)Ljava/lang/Object; (215 bytes) @ 0x000000000375074c [0x00000000037503a0+0x3ac]
j  org.gradle.cache.internal.DefaultCacheAccess.useCache(Ljava/lang/String;Ljava/lang/Runnable;)V+6
j  org.gradle.cache.internal.DefaultPersistentDirectoryStore.useCache(Ljava/lang/String;Ljava/lang/Runnable;)V+6
j  org.gradle.cache.internal.DefaultCacheFactory$ReferenceTrackingCache.useCache(Ljava/lang/String;Ljava/lang/Runnable;)V+9
j  org.gradle.api.internal.artifacts.ivyservice.DefaultCacheLockingManager.useCache(Ljava/lang/String;Ljava/lang/Runnable;)V+6
j  org.gradle.api.internal.artifacts.ivyservice.CacheLockingArtifactDependencyResolver.resolve(Lorg/gradle/api/internal/artifacts/ResolveContext;Ljava/util/List;Lorg/gradle/api/internal/artifacts/GlobalDependencyResolutionRules;Lorg/gradle/api/internal/artifacts/ivyservice/resolveengine/graph/DependencyGraphVisitor;Lorg/gradle/api/internal/artifacts/ivyservice/resolveengine/artifact/DependencyArtifactsVisitor;)V+38
j  org.gradle.api.internal.artifacts.ivyservice.DefaultConfigurationResolver.resolve(Lorg/gradle/api/internal/artifacts/configurations/ConfigurationInternal;Lorg/gradle/api/internal/artifacts/ResolverResults;)V+216
j  org.gradle.api.internal.artifacts.ivyservice.SelfResolvingDependencyConfigurationResolver.resolve(Lorg/gradle/api/internal/artifacts/configurations/ConfigurationInternal;Lorg/gradle/api/internal/artifacts/ResolverResults;)V+6
j  org.gradle.api.internal.artifacts.ivyservice.ShortCircuitEmptyConfigurationResolver.resolve(Lorg/gradle/api/internal/artifacts/configurations/ConfigurationInternal;Lorg/gradle/api/internal/artifacts/ResolverResults;)V+90
j  org.gradle.api.internal.artifacts.ivyservice.ErrorHandlingConfigurationResolver.resolve(Lorg/gradle/api/internal/artifacts/configurations/ConfigurationInternal;Lorg/gradle/api/internal/artifacts/ResolverResults;)V+6
j  org.gradle.api.internal.artifacts.configurations.DefaultConfiguration.resolveGraphIfRequired(Lorg/gradle/api/internal/artifacts/configurations/ConfigurationInternal$InternalState;)V+93
j  org.gradle.api.internal.artifacts.configurations.DefaultConfiguration.resolveNow(Lorg/gradle/api/internal/artifacts/configurations/ConfigurationInternal$InternalState;)V+23
j  org.gradle.api.internal.artifacts.configurations.DefaultConfiguration.getResolvedConfiguration()Lorg/gradle/api/artifacts/ResolvedConfiguration;+4
j  org.gradle.api.internal.artifacts.configurations.DefaultConfiguration_Decorated.getResolvedConfiguration()Lorg/gradle/api/artifacts/ResolvedConfiguration;+7
j  com.android.build.gradle.internal.DependencyManager.collectArtifacts(Lorg/gradle/api/artifacts/Configuration;Ljava/util/Map;)Lorg/gradle/api/artifacts/Configuration;+9
j  com.android.build.gradle.internal.DependencyManager.gatherDependencies(Lorg/gradle/api/artifacts/Configuration;Lcom/android/build/gradle/internal/dependency/VariantDependencies;Lcom/google/common/collect/Multimap;Ljava/util/Set;Ljava/lang/String;Ljava/util/Set;Lcom/android/build/gradle/internal/DependencyManager$ScopeType;)Lcom/android/builder/dependency/DependencyContainer;+9
j  com.android.build.gradle.internal.DependencyManager.resolveDependencyForConfig(Lcom/android/build/gradle/internal/dependency/VariantDependencies;Lcom/android/build/gradle/internal/dependency/VariantDependencies;Ljava/lang/String;Lcom/google/common/collect/Multimap;)V+108
j  com.android.build.gradle.internal.DependencyManager.resolveDependencies(Lcom/android/build/gradle/internal/dependency/VariantDependencies;Lcom/android/build/gradle/internal/dependency/VariantDependencies;Ljava/lang/String;)V+11
j  com.android.build.gradle.internal.TaskManager.resolveDependencies(Lcom/android/build/gradle/internal/dependency/VariantDependencies;Lcom/android/build/gradle/internal/dependency/VariantDependencies;Ljava/lang/String;)V+7
j  com.android.build.gradle.internal.VariantManager$9.call()Ljava/lang/Void;+16
j  com.android.build.gradle.internal.VariantManager$9.call()Ljava/lang/Object;+1
j  com.android.builder.profile.ThreadRecorder.record(Lcom/google/wireless/android/sdk/stats/AndroidStudioStats$GradleBuildProfileSpan$ExecutionType;Lcom/google/wireless/android/sdk/stats/AndroidStudioStats$GradleTransformExecution;Ljava/lang/String;Ljava/lang/String;Lcom/android/builder/profile/Recorder$Block;)Ljava/lang/Object;+98
j  com.android.builder.profile.ThreadRecorder.record(Lcom/google/wireless/android/sdk/stats/AndroidStudioStats$GradleBuildProfileSpan$ExecutionType;Ljava/lang/String;Ljava/lang/String;Lcom/android/builder/profile/Recorder$Block;)Ljava/lang/Object;+7
j  com.android.build.gradle.internal.profile.SpanRecorders.record(Lorg/gradle/api/Project;Ljava/lang/String;Lcom/google/wireless/android/sdk/stats/AndroidStudioStats$GradleBuildProfileSpan$ExecutionType;Lcom/android/builder/profile/Recorder$Block;)Ljava/lang/Object;+12
j  com.android.build.gradle.internal.VariantManager.createVariantData(Lcom/android/builder/model/BuildType;Ljava/util/List;)Lcom/android/build/gradle/internal/variant/BaseVariantData;+612
j  com.android.build.gradle.internal.VariantManager.createVariantDataForProductFlavors(Ljava/util/List;)V+375
j  com.android.build.gradle.internal.VariantManager.populateVariantDataList()V+16
j  com.android.build.gradle.internal.VariantManager$1.call()Ljava/lang/Void;+4
j  com.android.build.gradle.internal.VariantManager$1.call()Ljava/lang/Object;+1
j  com.android.builder.profile.ThreadRecorder.record(Lcom/google/wireless/android/sdk/stats/AndroidStudioStats$GradleBuildProfileSpan$ExecutionType;Lcom/google/wireless/android/sdk/stats/AndroidStudioStats$GradleTransformExecution;Ljava/lang/String;Ljava/lang/String;Lcom/android/builder/profile/Recorder$Block;)Ljava/lang/Object;+98
j  com.android.builder.profile.ThreadRecorder.record(Lcom/google/wireless/android/sdk/stats/AndroidStudioStats$GradleBuildProfileSpan$ExecutionType;Ljava/lang/String;Ljava/lang/String;Lcom/android/builder/profile/Recorder$Block;)Ljava/lang/Object;+7
j  com.android.build.gradle.internal.VariantManager.createAndroidTasks()V+76
j  com.android.build.gradle.BasePlugin$11.call()Ljava/lang/Void;+7
j  com.android.build.gradle.BasePlugin$11.call()Ljava/lang/Object;+1
j  com.android.builder.profile.ThreadRecorder.record(Lcom/google/wireless/android/sdk/stats/AndroidStudioStats$GradleBuildProfileSpan$ExecutionType;Lcom/google/wireless/android/sdk/stats/AndroidStudioStats$GradleTransformExecution;Ljava/lang/String;Ljava/lang/String;Lcom/android/builder/profile/Recorder$Block;)Ljava/lang/Object;+98
j  com.android.builder.profile.ThreadRecorder.record(Lcom/google/wireless/android/sdk/stats/AndroidStudioStats$GradleBuildProfileSpan$ExecutionType;Ljava/lang/String;Ljava/lang/String;Lcom/android/builder/profile/Recorder$Block;)Ljava/lang/Object;+7
j  com.android.build.gradle.BasePlugin.createAndroidTasks(Z)V+230
j  com.android.build.gradle.BasePlugin$10.call()Ljava/lang/Void;+5
j  com.android.build.gradle.BasePlugin$10.call()Ljava/lang/Object;+1
j  com.android.builder.profile.ThreadRecorder.record(Lcom/google/wireless/android/sdk/stats/AndroidStudioStats$GradleBuildProfileSpan$ExecutionType;Lcom/google/wireless/android/sdk/stats/AndroidStudioStats$GradleTransformExecution;Ljava/lang/String;Ljava/lang/String;Lcom/android/builder/profile/Recorder$Block;)Ljava/lang/Object;+98
j  com.android.builder.profile.ThreadRecorder.record(Lcom/google/wireless/android/sdk/stats/AndroidStudioStats$GradleBuildProfileSpan$ExecutionType;Ljava/lang/String;Ljava/lang/String;Lcom/android/builder/profile/Recorder$Block;)Ljava/lang/Object;+7
j  com.android.build.gradle.BasePlugin.lambda$createTasks$1(Lorg/gradle/api/Project;)V+21
j  com.android.build.gradle.BasePlugin$$Lambda$25.execute(Ljava/lang/Object;)V+8
j  org.gradle.internal.event.BroadcastDispatch$ActionInvocationHandler.dispatch(Lorg/gradle/internal/dispatch/MethodInvocation;)V+27
j  org.gradle.internal.event.BroadcastDispatch$ActionInvocationHandler.dispatch(Ljava/lang/Object;)V+5
J 806 C1 org.gradle.internal.event.AbstractBroadcastDispatch.dispatch(Lorg/gradle/internal/dispatch/MethodInvocation;Ljava/util/Iterator;)V (127 bytes) @ 0x00000000029ff634 [0x00000000029ff0e0+0x554]
J 803 C1 org.gradle.internal.event.BroadcastDispatch.dispatch(Ljava/lang/Object;)V (9 bytes) @ 0x00000000029fe8f4 [0x00000000029fe460+0x494]
J 779 C1 org.gradle.internal.dispatch.ProxyDispatchAdapter$DispatchingInvocationHandler.invoke(Ljava/lang/Object;Ljava/lang/reflect/Method;[Ljava/lang/Object;)Ljava/lang/Object; (185 bytes) @ 0x00000000029f5864 [0x00000000029f46c0+0x11a4]
j  com.sun.proxy.$Proxy11.afterEvaluate(Lorg/gradle/api/Project;Lorg/gradle/api/ProjectState;)V+20
j  org.gradle.configuration.project.LifecycleProjectEvaluator.notifyAfterEvaluate(Lorg/gradle/api/ProjectEvaluationListener;Lorg/gradle/api/internal/project/ProjectInternal;Lorg/gradle/api/internal/project/ProjectStateInternal;)V+3
j  org.gradle.configuration.project.LifecycleProjectEvaluator.evaluate(Lorg/gradle/api/internal/project/ProjectInternal;Lorg/gradle/api/internal/project/ProjectStateInternal;)V+72
j  org.gradle.api.internal.project.AbstractProject.evaluate()Lorg/gradle/api/internal/project/AbstractProject;+9
j  org.gradle.api.internal.project.AbstractProject.evaluate()Lorg/gradle/api/Project;+1
j  org.gradle.execution.TaskPathProjectEvaluator.configureHierarchy(Lorg/gradle/api/internal/project/ProjectInternal;)V+21
j  org.gradle.configuration.DefaultBuildConfigurer.configure(Lorg/gradle/api/internal/GradleInternal;)V+50
j  org.gradle.initialization.DefaultGradleLauncher$2.run()V+14
j  org.gradle.internal.Factories$1.create()Ljava/lang/Object;+4
j  org.gradle.internal.progress.DefaultBuildOperationExecutor.run(Lorg/gradle/internal/progress/BuildOperationDetails;Lorg/gradle/internal/Factory;)Ljava/lang/Object;+171
j  org.gradle.internal.progress.DefaultBuildOperationExecutor.run(Ljava/lang/String;Ljava/lang/Runnable;)V+12
j  org.gradle.initialization.DefaultGradleLauncher.doBuildStages(Lorg/gradle/initialization/DefaultGradleLauncher$Stage;)V+39
j  org.gradle.initialization.DefaultGradleLauncher.access$200(Lorg/gradle/initialization/DefaultGradleLauncher;Lorg/gradle/initialization/DefaultGradleLauncher$Stage;)V+2
j  org.gradle.initialization.DefaultGradleLauncher$1.create()Lorg/gradle/BuildResult;+29
j  org.gradle.initialization.DefaultGradleLauncher$1.create()Ljava/lang/Object;+1
j  org.gradle.internal.progress.DefaultBuildOperationExecutor.run(Lorg/gradle/internal/progress/BuildOperationDetails;Lorg/gradle/internal/Factory;)Ljava/lang/Object;+171
j  org.gradle.internal.progress.DefaultBuildOperationExecutor.run(Ljava/lang/String;Lorg/gradle/internal/Factory;)Ljava/lang/Object;+9
j  org.gradle.initialization.DefaultGradleLauncher.doBuild(Lorg/gradle/initialization/DefaultGradleLauncher$Stage;)Lorg/gradle/BuildResult;+15
j  org.gradle.initialization.DefaultGradleLauncher.run()Lorg/gradle/BuildResult;+4
j  org.gradle.launcher.exec.InProcessBuildActionExecuter$DefaultBuildController.run()Lorg/gradle/api/internal/GradleInternal;+4
j  org.gradle.tooling.internal.provider.ExecuteBuildActionRunner.run(Lorg/gradle/internal/invocation/BuildAction;Lorg/gradle/internal/invocation/BuildController;)V+8
j  org.gradle.launcher.exec.ChainingBuildActionRunner.run(Lorg/gradle/internal/invocation/BuildAction;Lorg/gradle/internal/invocation/BuildController;)V+34
j  org.gradle.launcher.exec.InProcessBuildActionExecuter.execute(Lorg/gradle/internal/invocation/BuildAction;Lorg/gradle/initialization/BuildRequestContext;Lorg/gradle/launcher/exec/BuildActionParameters;Lorg/gradle/internal/service/ServiceRegistry;)Ljava/lang/Object;+77
j  org.gradle.launcher.exec.InProcessBuildActionExecuter.execute(Lorg/gradle/internal/invocation/BuildAction;Lorg/gradle/initialization/BuildRequestContext;Ljava/lang/Object;Lorg/gradle/internal/service/ServiceRegistry;)Ljava/lang/Object;+9
j  org.gradle.launcher.exec.ContinuousBuildActionExecuter.execute(Lorg/gradle/internal/invocation/BuildAction;Lorg/gradle/initialization/BuildRequestContext;Lorg/gradle/launcher/exec/BuildActionParameters;Lorg/gradle/internal/service/ServiceRegistry;)Ljava/lang/Object;+114
j  org.gradle.launcher.exec.ContinuousBuildActionExecuter.execute(Lorg/gradle/internal/invocation/BuildAction;Lorg/gradle/initialization/BuildRequestContext;Ljava/lang/Object;Lorg/gradle/internal/service/ServiceRegistry;)Ljava/lang/Object;+9
j  org.gradle.launcher.daemon.server.exec.ExecuteBuild.doBuild(Lorg/gradle/launcher/daemon/server/api/DaemonCommandExecution;Lorg/gradle/launcher/daemon/protocol/Build;)V+74
j  org.gradle.launcher.daemon.server.exec.BuildCommandOnly.execute(Lorg/gradle/launcher/daemon/server/api/DaemonCommandExecution;)V+49
j  org.gradle.launcher.daemon.server.api.DaemonCommandExecution.proceed()Z+28
j  org.gradle.launcher.daemon.server.exec.WatchForDisconnection.execute(Lorg/gradle/launcher/daemon/server/api/DaemonCommandExecution;)V+19
j  org.gradle.launcher.daemon.server.api.DaemonCommandExecution.proceed()Z+28
j  org.gradle.launcher.daemon.server.exec.ResetDeprecationLogger.execute(Lorg/gradle/launcher/daemon/server/api/DaemonCommandExecution;)V+4
j  org.gradle.launcher.daemon.server.api.DaemonCommandExecution.proceed()Z+28
j  org.gradle.launcher.daemon.server.exec.RequestStopIfSingleUsedDaemon.execute(Lorg/gradle/launcher/daemon/server/api/DaemonCommandExecution;)V+31
j  org.gradle.launcher.daemon.server.api.DaemonCommandExecution.proceed()Z+28
j  org.gradle.launcher.daemon.server.exec.ForwardClientInput$2.call()Ljava/lang/Void;+4
j  org.gradle.launcher.daemon.server.exec.ForwardClientInput$2.call()Ljava/lang/Object;+1
j  org.gradle.util.Swapper.swap(Ljava/lang/Object;Ljava/util/concurrent/Callable;)Ljava/lang/Object;+21
j  org.gradle.launcher.daemon.server.exec.ForwardClientInput.execute(Lorg/gradle/launcher/daemon/server/api/DaemonCommandExecution;)V+63
j  org.gradle.launcher.daemon.server.api.DaemonCommandExecution.proceed()Z+28
j  org.gradle.launcher.daemon.server.health.DaemonHealthTracker.execute(Lorg/gradle/launcher/daemon/server/api/DaemonCommandExecution;)V+35
j  org.gradle.launcher.daemon.server.api.DaemonCommandExecution.proceed()Z+28
j  org.gradle.launcher.daemon.server.exec.LogToClient.doBuild(Lorg/gradle/launcher/daemon/server/api/DaemonCommandExecution;Lorg/gradle/launcher/daemon/protocol/Build;)V+87
j  org.gradle.launcher.daemon.server.exec.BuildCommandOnly.execute(Lorg/gradle/launcher/daemon/server/api/DaemonCommandExecution;)V+49
j  org.gradle.launcher.daemon.server.api.DaemonCommandExecution.proceed()Z+28
j  org.gradle.launcher.daemon.server.exec.EstablishBuildEnvironment.doBuild(Lorg/gradle/launcher/daemon/server/api/DaemonCommandExecution;Lorg/gradle/launcher/daemon/protocol/Build;)V+279
j  org.gradle.launcher.daemon.server.exec.BuildCommandOnly.execute(Lorg/gradle/launcher/daemon/server/api/DaemonCommandExecution;)V+49
j  org.gradle.launcher.daemon.server.api.DaemonCommandExecution.proceed()Z+28
j  org.gradle.launcher.daemon.server.health.HintGCAfterBuild.execute(Lorg/gradle/launcher/daemon/server/api/DaemonCommandExecution;)V+1
j  org.gradle.launcher.daemon.server.api.DaemonCommandExecution.proceed()Z+28
j  org.gradle.launcher.daemon.server.exec.StartBuildOrRespondWithBusy$1.run()V+44
j  org.gradle.launcher.daemon.server.DaemonStateCoordinator$1.run()V+4
j  org.gradle.internal.concurrent.ExecutorPolicy$CatchAndRecordFailures.onExecute(Ljava/lang/Runnable;)V+1
j  org.gradle.internal.concurrent.StoppableExecutorImpl$1.run()V+25
j  java.util.concurrent.ThreadPoolExecutor.runWorker(Ljava/util/concurrent/ThreadPoolExecutor$Worker;)V+95
j  java.util.concurrent.ThreadPoolExecutor$Worker.run()V+5
j  java.lang.Thread.run()V+11
v  ~StubRoutines::call_stub

---------------  P R O C E S S  ---------------

Java Threads: ( => current thread )
  0x000000001a538000 JavaThread "File lock request listener" [_thread_in_native, id=712, stack(0x000000001e1a0000,0x000000001e2a0000)]
  0x000000001a3e9000 JavaThread "Stdin handler" [_thread_blocked, id=4192, stack(0x000000001bb00000,0x000000001bc00000)]
  0x000000001a3e8000 JavaThread "Asynchronous log dispatcher for org.gradle.launcher.daemon.server.DefaultDaemonConnection@322f6fab" [_thread_blocked, id=3884, stack(0x000000001ba00000,0x000000001bb00000)]
=>0x000000001a3cc000 JavaThread "Daemon worker" [_thread_in_vm, id=4784, stack(0x000000001b900000,0x000000001ba00000)]
  0x000000001a40f000 JavaThread "Cancel handler" [_thread_blocked, id=5456, stack(0x000000001b800000,0x000000001b900000)]
  0x000000001a407000 JavaThread "Handler for socket connection from /127.0.0.1:59723 to /127.0.0.1:59724" [_thread_in_native, id=5704, stack(0x000000001b700000,0x000000001b800000)]
  0x000000001a3bc800 JavaThread "Daemon" [_thread_blocked, id=5384, stack(0x000000001b600000,0x000000001b700000)]
  0x000000001a075000 JavaThread "Incoming local TCP Connector on port 59723" [_thread_in_native, id=4468, stack(0x000000001af00000,0x000000001b000000)]
  0x000000001a01d000 JavaThread "pool-1-thread-1" [_thread_blocked, id=4472, stack(0x0000000019ab0000,0x0000000019bb0000)]
  0x0000000018cd4800 JavaThread "Service Thread" daemon [_thread_blocked, id=5308, stack(0x00000000190b0000,0x00000000191b0000)]
  0x00000000172f9000 JavaThread "C1 CompilerThread2" daemon [_thread_blocked, id=3288, stack(0x0000000018bb0000,0x0000000018cb0000)]
  0x00000000172f2000 JavaThread "C2 CompilerThread1" daemon [_thread_in_native, id=4400, stack(0x0000000018ab0000,0x0000000018bb0000)]
  0x00000000172ef800 JavaThread "C2 CompilerThread0" daemon [_thread_in_native, id=3464, stack(0x00000000189b0000,0x0000000018ab0000)]
  0x00000000172ed000 JavaThread "Attach Listener" daemon [_thread_blocked, id=6104, stack(0x00000000188b0000,0x00000000189b0000)]
  0x00000000172eb800 JavaThread "Signal Dispatcher" daemon [_thread_blocked, id=3684, stack(0x00000000187b0000,0x00000000188b0000)]
  0x00000000172da800 JavaThread "Finalizer" daemon [_thread_blocked, id=5644, stack(0x0000000018540000,0x0000000018640000)]
  0x00000000026c0800 JavaThread "Reference Handler" daemon [_thread_blocked, id=5916, stack(0x0000000018440000,0x0000000018540000)]
  0x00000000025d3000 JavaThread "main" [_thread_blocked, id=3700, stack(0x00000000024d0000,0x00000000025d0000)]

Other Threads:
  0x00000000172b6800 VMThread [stack: 0x0000000018340000,0x0000000018440000] [id=5344]
  0x0000000018cf0800 WatcherThread [stack: 0x00000000191b0000,0x00000000192b0000] [id=5140]

VM state:not at safepoint (normal execution)

VM Mutex/Monitor currently owned by a thread:  ([mutex/lock_event])
[0x000000000243c830] PackageTable_lock - owner thread: 0x000000001a3cc000

Heap:
 PSYoungGen      total 116224K, used 78646K [0x00000000d5580000, 0x00000000df780000, 0x0000000100000000)
  eden space 103936K, 69% used [0x00000000d5580000,0x00000000d9bc2030,0x00000000dbb00000)
  from space 12288K, 54% used [0x00000000dbb00000,0x00000000dc18b988,0x00000000dc700000)
  to   space 11776K, 0% used [0x00000000dec00000,0x00000000dec00000,0x00000000df780000)
 ParOldGen       total 50176K, used 24509K [0x0000000080000000, 0x0000000083100000, 0x00000000d5580000)
  object space 50176K, 48% used [0x0000000080000000,0x00000000817ef5e0,0x0000000083100000)
 Metaspace       used 48319K, capacity 49696K, committed 49792K, reserved 1091584K
  class space    used 6635K, capacity 6975K, committed 7040K, reserved 1048576K

Card table byte_map: [0x0000000011a90000,0x0000000011ea0000] byte_map_base: 0x0000000011690000

Marking Bits: (ParMarkBitMap*) 0x0000000050a5c720
 Begin Bits: [0x0000000012550000, 0x0000000014550000)
 End Bits:   [0x0000000014550000, 0x0000000016550000)

Polling page: 0x0000000000e20000

CodeCache: size=245760Kb used=17390Kb max_used=17922Kb free=228369Kb
 bounds [0x00000000026d0000, 0x0000000003860000, 0x00000000116d0000]
 total_blobs=6185 nmethods=5476 adapters=621
 compilation: enabled

Compilation events (10 events):
Event: 18.387 Thread 0x00000000172f9000 5923       2       sun.reflect.generics.parser.SignatureParser::parseFormalTypeParameter (16 bytes)
Event: 18.387 Thread 0x00000000172f9000 nmethod 5923 0x0000000002827b50 code [0x0000000002827cc0, 0x0000000002827ed8]
Event: 18.387 Thread 0x00000000172f9000 5925       2       sun.reflect.generics.tree.FormalTypeParameter::<init> (15 bytes)
Event: 18.387 Thread 0x00000000172f9000 nmethod 5925 0x0000000002aeb3d0 code [0x0000000002aeb520, 0x0000000002aeb690]
Event: 18.393 Thread 0x00000000172f9000 5926       2       org.gradle.api.internal.artifacts.ivyservice.ivyresolve.ComponentMetaDataResolveState::<init> (37 bytes)
Event: 18.394 Thread 0x00000000172f9000 nmethod 5926 0x0000000002f052d0 code [0x0000000002f05440, 0x0000000002f056f0]
Event: 18.459 Thread 0x00000000172ef800 nmethod 5463 0x0000000003086610 code [0x0000000003087160, 0x0000000003092090]
Event: 18.460 Thread 0x00000000172ef800 5870  s    4       java.util.Hashtable::get (69 bytes)
Event: 18.471 Thread 0x00000000172ef800 nmethod 5870 0x00000000028bcbd0 code [0x00000000028bcd40, 0x00000000028bd508]
Event: 18.471 Thread 0x00000000172ef800 5837       4       groovy.lang.MetaMethod::getMopName (105 bytes)

GC Heap History (10 events):
Event: 7.201 GC heap before
{Heap before GC invocations=13 (full 1):
 PSYoungGen      total 67072K, used 17162K [0x00000000d5580000, 0x00000000db180000, 0x0000000100000000)
  eden space 58368K, 14% used [0x00000000d5580000,0x00000000d5dc2fd0,0x00000000d8e80000)
  from space 8704K, 99% used [0x00000000d8e80000,0x00000000d96ffba8,0x00000000d9700000)
  to   space 10240K, 0% used [0x00000000da780000,0x00000000da780000,0x00000000db180000)
 ParOldGen       total 37376K, used 12317K [0x0000000080000000, 0x0000000082480000, 0x00000000d5580000)
  object space 37376K, 32% used [0x0000000080000000,0x0000000080c077f0,0x0000000082480000)
 Metaspace       used 34639K, capacity 35120K, committed 35456K, reserved 1079296K
  class space    used 4714K, capacity 4888K, committed 4992K, reserved 1048576K
Event: 7.225 GC heap after
Heap after GC invocations=13 (full 1):
 PSYoungGen      total 83968K, used 7114K [0x00000000d5580000, 0x00000000dbe00000, 0x0000000100000000)
  eden space 73728K, 0% used [0x00000000d5580000,0x00000000d5580000,0x00000000d9d80000)
  from space 10240K, 69% used [0x00000000da780000,0x00000000dae728a8,0x00000000db180000)
  to   space 10240K, 0% used [0x00000000d9d80000,0x00000000d9d80000,0x00000000da780000)
 ParOldGen       total 37376K, used 13844K [0x0000000080000000, 0x0000000082480000, 0x00000000d5580000)
  object space 37376K, 37% used [0x0000000080000000,0x0000000080d85110,0x0000000082480000)
 Metaspace       used 34639K, capacity 35120K, committed 35456K, reserved 1079296K
  class space    used 4714K, capacity 4888K, committed 4992K, reserved 1048576K
}
Event: 7.225 GC heap before
{Heap before GC invocations=14 (full 2):
 PSYoungGen      total 83968K, used 7114K [0x00000000d5580000, 0x00000000dbe00000, 0x0000000100000000)
  eden space 73728K, 0% used [0x00000000d5580000,0x00000000d5580000,0x00000000d9d80000)
  from space 10240K, 69% used [0x00000000da780000,0x00000000dae728a8,0x00000000db180000)
  to   space 10240K, 0% used [0x00000000d9d80000,0x00000000d9d80000,0x00000000da780000)
 ParOldGen       total 37376K, used 13844K [0x0000000080000000, 0x0000000082480000, 0x00000000d5580000)
  object space 37376K, 37% used [0x0000000080000000,0x0000000080d85110,0x0000000082480000)
 Metaspace       used 34639K, capacity 35120K, committed 35456K, reserved 1079296K
  class space    used 4714K, capacity 4888K, committed 4992K, reserved 1048576K
Event: 7.346 GC heap after
Heap after GC invocations=14 (full 2):
 PSYoungGen      total 83968K, used 0K [0x00000000d5580000, 0x00000000dbe00000, 0x0000000100000000)
  eden space 73728K, 0% used [0x00000000d5580000,0x00000000d5580000,0x00000000d9d80000)
  from space 10240K, 0% used [0x00000000da780000,0x00000000da780000,0x00000000db180000)
  to   space 10240K, 0% used [0x00000000d9d80000,0x00000000d9d80000,0x00000000da780000)
 ParOldGen       total 50176K, used 15148K [0x0000000080000000, 0x0000000083100000, 0x00000000d5580000)
  object space 50176K, 30% used [0x0000000080000000,0x0000000080ecb150,0x0000000083100000)
 Metaspace       used 34639K, capacity 35120K, committed 35456K, reserved 1079296K
  class space    used 4714K, capacity 4888K, committed 4992K, reserved 1048576K
}
Event: 9.330 GC heap before
{Heap before GC invocations=15 (full 2):
 PSYoungGen      total 83968K, used 73728K [0x00000000d5580000, 0x00000000dbe00000, 0x0000000100000000)
  eden space 73728K, 100% used [0x00000000d5580000,0x00000000d9d80000,0x00000000d9d80000)
  from space 10240K, 0% used [0x00000000da780000,0x00000000da780000,0x00000000db180000)
  to   space 10240K, 0% used [0x00000000d9d80000,0x00000000d9d80000,0x00000000da780000)
 ParOldGen       total 50176K, used 15148K [0x0000000080000000, 0x0000000083100000, 0x00000000d5580000)
  object space 50176K, 30% used [0x0000000080000000,0x0000000080ecb150,0x0000000083100000)
 Metaspace       used 36245K, capacity 37024K, committed 37248K, reserved 1081344K
  class space    used 4962K, capacity 5212K, committed 5248K, reserved 1048576K
Event: 9.350 GC heap after
Heap after GC invocations=15 (full 2):
 PSYoungGen      total 83968K, used 7427K [0x00000000d5580000, 0x00000000dd200000, 0x0000000100000000)
  eden space 73728K, 0% used [0x00000000d5580000,0x00000000d5580000,0x00000000d9d80000)
  from space 10240K, 72% used [0x00000000d9d80000,0x00000000da4c0e50,0x00000000da780000)
  to   space 10752K, 0% used [0x00000000dc780000,0x00000000dc780000,0x00000000dd200000)
 ParOldGen       total 50176K, used 15156K [0x0000000080000000, 0x0000000083100000, 0x00000000d5580000)
  object space 50176K, 30% used [0x0000000080000000,0x0000000080ecd150,0x0000000083100000)
 Metaspace       used 36245K, capacity 37024K, committed 37248K, reserved 1081344K
  class space    used 4962K, capacity 5212K, committed 5248K, reserved 1048576K
}
Event: 15.110 GC heap before
{Heap before GC invocations=16 (full 2):
 PSYoungGen      total 83968K, used 81155K [0x00000000d5580000, 0x00000000dd200000, 0x0000000100000000)
  eden space 73728K, 100% used [0x00000000d5580000,0x00000000d9d80000,0x00000000d9d80000)
  from space 10240K, 72% used [0x00000000d9d80000,0x00000000da4c0e50,0x00000000da780000)
  to   space 10752K, 0% used [0x00000000dc780000,0x00000000dc780000,0x00000000dd200000)
 ParOldGen       total 50176K, used 15156K [0x0000000080000000, 0x0000000083100000, 0x00000000d5580000)
  object space 50176K, 30% used [0x0000000080000000,0x0000000080ecd150,0x0000000083100000)
 Metaspace       used 41957K, capacity 42844K, committed 43136K, reserved 1087488K
  class space    used 5722K, capacity 5992K, committed 6016K, reserved 1048576K
Event: 15.137 GC heap after
Heap after GC invocations=16 (full 2):
 PSYoungGen      total 114688K, used 10747K [0x00000000d5580000, 0x00000000dd300000, 0x0000000100000000)
  eden space 103936K, 0% used [0x00000000d5580000,0x00000000d5580000,0x00000000dbb00000)
  from space 10752K, 99% used [0x00000000dc780000,0x00000000dd1fee10,0x00000000dd200000)
  to   space 12288K, 0% used [0x00000000dbb00000,0x00000000dbb00000,0x00000000dc700000)
 ParOldGen       total 50176K, used 15880K [0x0000000080000000, 0x0000000083100000, 0x00000000d5580000)
  object space 50176K, 31% used [0x0000000080000000,0x0000000080f82058,0x0000000083100000)
 Metaspace       used 41957K, capacity 42844K, committed 43136K, reserved 1087488K
  class space    used 5722K, capacity 5992K, committed 6016K, reserved 1048576K
}
Event: 17.381 GC heap before
{Heap before GC invocations=17 (full 2):
 PSYoungGen      total 114688K, used 114683K [0x00000000d5580000, 0x00000000dd300000, 0x0000000100000000)
  eden space 103936K, 100% used [0x00000000d5580000,0x00000000dbb00000,0x00000000dbb00000)
  from space 10752K, 99% used [0x00000000dc780000,0x00000000dd1fee10,0x00000000dd200000)
  to   space 12288K, 0% used [0x00000000dbb00000,0x00000000dbb00000,0x00000000dc700000)
 ParOldGen       total 50176K, used 15880K [0x0000000080000000, 0x0000000083100000, 0x00000000d5580000)
  object space 50176K, 31% used [0x0000000080000000,0x0000000080f82058,0x0000000083100000)
 Metaspace       used 43803K, capacity 44868K, committed 44928K, reserved 1087488K
  class space    used 5956K, capacity 6213K, committed 6272K, reserved 1048576K
Event: 17.405 GC heap after
Heap after GC invocations=17 (full 2):
 PSYoungGen      total 116224K, used 6702K [0x00000000d5580000, 0x00000000df780000, 0x0000000100000000)
  eden space 103936K, 0% used [0x00000000d5580000,0x00000000d5580000,0x00000000dbb00000)
  from space 12288K, 54% used [0x00000000dbb00000,0x00000000dc18b988,0x00000000dc700000)
  to   space 11776K, 0% used [0x00000000dec00000,0x00000000dec00000,0x00000000df780000)
 ParOldGen       total 50176K, used 24509K [0x0000000080000000, 0x0000000083100000, 0x00000000d5580000)
  object space 50176K, 48% used [0x0000000080000000,0x00000000817ef5e0,0x0000000083100000)
 Metaspace       used 43803K, capacity 44868K, committed 44928K, reserved 1087488K
  class space    used 5956K, capacity 6213K, committed 6272K, reserved 1048576K
}

Deoptimization events (10 events):
Event: 18.080 Thread 0x000000001a3cc000 Uncommon trap: reason=unstable_if action=reinterpret pc=0x00000000035786ec method=java.io.WinNTFileSystem.prefixLength(Ljava/lang/String;)I @ 11
Event: 18.194 Thread 0x000000001a3cc000 Uncommon trap: reason=class_check action=maybe_recompile pc=0x000000000349083c method=java.util.Hashtable.get(Ljava/lang/Object;)Ljava/lang/Object; @ 6
Event: 18.194 Thread 0x000000001a3cc000 Uncommon trap: reason=class_check action=maybe_recompile pc=0x000000000349083c method=java.util.Hashtable.get(Ljava/lang/Object;)Ljava/lang/Object; @ 6
Event: 18.194 Thread 0x000000001a3cc000 Uncommon trap: reason=class_check action=maybe_recompile pc=0x000000000349083c method=java.util.Hashtable.get(Ljava/lang/Object;)Ljava/lang/Object; @ 6
Event: 18.195 Thread 0x000000001a3cc000 Uncommon trap: reason=class_check action=maybe_recompile pc=0x000000000349083c method=java.util.Hashtable.get(Ljava/lang/Object;)Ljava/lang/Object; @ 6
Event: 18.214 Thread 0x000000001a3cc000 Uncommon trap: reason=unstable_if action=reinterpret pc=0x000000000287ace8 method=java.lang.String.replace(CC)Ljava/lang/String; @ 2
Event: 18.216 Thread 0x000000001a3cc000 Uncommon trap: reason=unstable_if action=reinterpret pc=0x000000000341b164 method=groovy.lang.MetaClassImpl.checkIfStdMethod(Lgroovy/lang/MetaMethod;)V @ 79
Event: 18.216 Thread 0x000000001a3cc000 Uncommon trap: reason=unstable_if action=reinterpret pc=0x00000000033fd67c method=groovy.lang.MetaClassImpl.checkIfStdMethod(Lgroovy/lang/MetaMethod;)V @ 79
Event: 18.216 Thread 0x000000001a3cc000 Uncommon trap: reason=bimorphic action=maybe_recompile pc=0x0000000003430624 method=org.codehaus.groovy.runtime.metaclass.MetaMethodIndex.addMethodToList(Ljava/lang/Object;Lgroovy/lang/MetaMethod;)Ljava/lang/Object; @ 91
Event: 18.217 Thread 0x000000001a3cc000 Uncommon trap: reason=unstable_if action=reinterpret pc=0x0000000002f620f8 method=org.codehaus.groovy.runtime.metaclass.MetaMethodIndex.copyNonPrivateNonNewMetaMethods(Lorg/codehaus/groovy/runtime/metaclass/MetaMethodIndex$Entry;Lorg/codehaus/groovy/runti

Internal exceptions (10 events):
Event: 18.242 Thread 0x000000001a3cc000 Exception <a 'java/lang/ClassNotFoundException': com/android/build/gradle/internal/tasks/DeviceProviderInstrumentTestTask_DecoratedBeanInfo> (0x00000000d9098500) thrown at [C:\re\workspace\8-2-build-windows-amd64-cygwin\jdk8u131\8869\hotspot\src\share\vm\
Event: 18.243 Thread 0x000000001a3cc000 Exception <a 'java/lang/ClassNotFoundException': com/android/build/gradle/internal/tasks/DeviceProviderInstrumentTestTaskBeanInfo> (0x00000000d90aecf0) thrown at [C:\re\workspace\8-2-build-windows-amd64-cygwin\jdk8u131\8869\hotspot\src\share\vm\classfile\
Event: 18.243 Thread 0x000000001a3cc000 Exception <a 'java/lang/ClassNotFoundException': com/android/build/gradle/internal/tasks/DeviceProviderInstrumentTestTaskCustomizer> (0x00000000d90c5538) thrown at [C:\re\workspace\8-2-build-windows-amd64-cygwin\jdk8u131\8869\hotspot\src\share\vm\classfil
Event: 18.246 Thread 0x000000001a3cc000 Exception <a 'java/lang/ClassNotFoundException': com/android/build/gradle/internal/tasks/DeviceProviderInstrumentTestTask_DecoratedCustomizer> (0x00000000d910ff00) thrown at [C:\re\workspace\8-2-build-windows-amd64-cygwin\jdk8u131\8869\hotspot\src\share\v
Event: 18.376 Thread 0x000000001a3cc000 Exception <a 'java/lang/ClassNotFoundException': org/gradle/platform/base/BinaryContainer_ImplBeanInfo> (0x00000000d9762850) thrown at [C:\re\workspace\8-2-build-windows-amd64-cygwin\jdk8u131\8869\hotspot\src\share\vm\classfile\systemDictionary.cpp, line 
Event: 18.379 Thread 0x000000001a3cc000 Exception <a 'java/lang/ClassNotFoundException': org/gradle/model/internal/core/NodeBackedModelMapBeanInfo> (0x00000000d9773d18) thrown at [C:\re\workspace\8-2-build-windows-amd64-cygwin\jdk8u131\8869\hotspot\src\share\vm\classfile\systemDictionary.cpp, l
Event: 18.380 Thread 0x000000001a3cc000 Exception <a 'java/lang/ClassNotFoundException': org/gradle/model/internal/core/ModelMapGroovyViewBeanInfo> (0x00000000d97851e0) thrown at [C:\re\workspace\8-2-build-windows-amd64-cygwin\jdk8u131\8869\hotspot\src\share\vm\classfile\systemDictionary.cpp, l
Event: 18.381 Thread 0x000000001a3cc000 Exception <a 'java/lang/ClassNotFoundException': org/gradle/model/internal/core/ModelMapGroovyViewCustomizer> (0x00000000d9797040) thrown at [C:\re\workspace\8-2-build-windows-amd64-cygwin\jdk8u131\8869\hotspot\src\share\vm\classfile\systemDictionary.cpp,
Event: 18.383 Thread 0x000000001a3cc000 Exception <a 'java/lang/ClassNotFoundException': org/gradle/model/internal/core/NodeBackedModelMapCustomizer> (0x00000000d97bc330) thrown at [C:\re\workspace\8-2-build-windows-amd64-cygwin\jdk8u131\8869\hotspot\src\share\vm\classfile\systemDictionary.cpp,
Event: 18.387 Thread 0x000000001a3cc000 Exception <a 'java/lang/ClassNotFoundException': org/gradle/platform/base/BinaryContainer_ImplCustomizer> (0x00000000d981b138) thrown at [C:\re\workspace\8-2-build-windows-amd64-cygwin\jdk8u131\8869\hotspot\src\share\vm\classfile\systemDictionary.cpp, lin

Events (10 events):
Event: 18.443 loading class org/apache/xerces/dom/NodeImpl done
Event: 18.444 loading class org/apache/xerces/dom/DeferredDocumentImpl
Event: 18.444 loading class org/apache/xerces/dom/DeferredDocumentImpl done
Event: 18.445 loading class org/apache/xerces/dom/DeferredNode
Event: 18.445 loading class org/apache/xerces/dom/DeferredNode done
Event: 18.446 loading class org/apache/xerces/dom/DocumentImpl
Event: 18.446 loading class org/apache/xerces/dom/DocumentImpl done
Event: 18.447 loading class org/apache/xerces/dom/EntityImpl
Event: 18.447 loading class org/apache/xerces/dom/EntityImpl done
Event: 18.448 loading class org/w3c/dom/Entity


Dynamic libraries:
0x00007ff783d60000 - 0x00007ff783d97000 	C:\Program Files\Java\jdk1.8.0_131\bin\java.exe
0x00007ffe1c010000 - 0x00007ffe1c1ba000 	C:\Windows\SYSTEM32\ntdll.dll
0x00007ffe19a80000 - 0x00007ffe19bba000 	C:\Windows\system32\KERNEL32.DLL
0x00007ffe19450000 - 0x00007ffe19560000 	C:\Windows\system32\KERNELBASE.dll
0x00007ffe17f20000 - 0x00007ffe17fa8000 	C:\Windows\system32\apphelp.dll
0x00007ffe11b50000 - 0x00007ffe11b9f000 	C:\Windows\AppPatch\AppPatch64\AcGenral.DLL
0x00007ffe1be20000 - 0x00007ffe1bec7000 	C:\Windows\system32\msvcrt.dll
0x00007ffe19160000 - 0x00007ffe1918b000 	C:\Windows\SYSTEM32\SspiCli.dll
0x00007ffe1a640000 - 0x00007ffe1a691000 	C:\Windows\system32\SHLWAPI.dll
0x00007ffe1a1a0000 - 0x00007ffe1a311000 	C:\Windows\system32\USER32.dll
0x00007ffe1a880000 - 0x00007ffe1a9f8000 	C:\Windows\system32\ole32.dll
0x00007ffe1aa00000 - 0x00007ffe1be17000 	C:\Windows\system32\SHELL32.dll
0x00007ffe18990000 - 0x00007ffe189af000 	C:\Windows\SYSTEM32\USERENV.dll
0x00007ffe1a6a0000 - 0x00007ffe1a745000 	C:\Windows\system32\ADVAPI32.dll
0x00007ffe126d0000 - 0x00007ffe126eb000 	C:\Windows\SYSTEM32\MPR.dll
0x00007ffe1bed0000 - 0x00007ffe1c006000 	C:\Windows\system32\RPCRT4.dll
0x00007ffe1a820000 - 0x00007ffe1a877000 	C:\Windows\SYSTEM32\sechost.dll
0x00007ffe1a460000 - 0x00007ffe1a636000 	C:\Windows\SYSTEM32\combase.dll
0x00007ffe19f00000 - 0x00007ffe1a045000 	C:\Windows\system32\GDI32.dll
0x00007ffe19380000 - 0x00007ffe19394000 	C:\Windows\SYSTEM32\profapi.dll
0x00007ffe178f0000 - 0x00007ffe1798f000 	C:\Windows\SYSTEM32\SHCORE.dll
0x00007ffe19890000 - 0x00007ffe198c4000 	C:\Windows\system32\IMM32.DLL
0x00007ffe1a320000 - 0x00007ffe1a459000 	C:\Windows\system32\MSCTF.dll
0x00007ffe17a00000 - 0x00007ffe17c5a000 	C:\Windows\WinSxS\amd64_microsoft.windows.common-controls_6595b64144ccf1df_6.0.9600.17031_none_6242a4b3ecbb55a1\COMCTL32.dll
0x0000000050ae0000 - 0x0000000050bb2000 	C:\Program Files\Java\jdk1.8.0_131\jre\bin\msvcr100.dll
0x0000000050240000 - 0x0000000050adc000 	C:\Program Files\Java\jdk1.8.0_131\jre\bin\server\jvm.dll
0x00007ffe16f60000 - 0x00007ffe16f69000 	C:\Windows\SYSTEM32\WSOCK32.dll
0x00007ffe128e0000 - 0x00007ffe128ff000 	C:\Windows\SYSTEM32\WINMM.dll
0x00007ffe13030000 - 0x00007ffe1303a000 	C:\Windows\SYSTEM32\VERSION.dll
0x00007ffe1a810000 - 0x00007ffe1a817000 	C:\Windows\system32\PSAPI.DLL
0x00007ffe19ea0000 - 0x00007ffe19ef8000 	C:\Windows\system32\WS2_32.dll
0x00007ffe126a0000 - 0x00007ffe126ca000 	C:\Windows\SYSTEM32\WINMMBASE.dll
0x00007ffe19c80000 - 0x00007ffe19c89000 	C:\Windows\system32\NSI.dll
0x00007ffe19560000 - 0x00007ffe195aa000 	C:\Windows\SYSTEM32\cfgmgr32.dll
0x00007ffe181b0000 - 0x00007ffe181d6000 	C:\Windows\SYSTEM32\DEVOBJ.dll
0x0000000050e50000 - 0x0000000050e5f000 	C:\Program Files\Java\jdk1.8.0_131\jre\bin\verify.dll
0x0000000050210000 - 0x0000000050239000 	C:\Program Files\Java\jdk1.8.0_131\jre\bin\java.dll
0x00000000501f0000 - 0x0000000050206000 	C:\Program Files\Java\jdk1.8.0_131\jre\bin\zip.dll
0x00000000501d0000 - 0x00000000501ea000 	C:\Program Files\Java\jdk1.8.0_131\jre\bin\net.dll
0x00007ffe18be0000 - 0x00007ffe18c38000 	C:\Windows\system32\mswsock.dll
0x00000000501b0000 - 0x00000000501c1000 	C:\Program Files\Java\jdk1.8.0_131\jre\bin\nio.dll
0x00007ffe16920000 - 0x00007ffe16932000 	C:\Users\promatics\.gradle\native\19\windows-amd64\native-platform.dll
0x00007ffe18c40000 - 0x00007ffe18c5e000 	C:\Windows\SYSTEM32\CRYPTSP.dll
0x00007ffe18880000 - 0x00007ffe188b5000 	C:\Windows\system32\rsaenh.dll
0x00007ffe18e70000 - 0x00007ffe18e96000 	C:\Windows\SYSTEM32\bcrypt.dll
0x00007ffe19190000 - 0x00007ffe191f0000 	C:\Windows\system32\bcryptprimitives.dll
0x00007ffe191f0000 - 0x00007ffe191fa000 	C:\Windows\SYSTEM32\CRYPTBASE.dll
0x00007ffe15050000 - 0x00007ffe15079000 	C:\Windows\SYSTEM32\IPHLPAPI.DLL
0x00007ffe15030000 - 0x00007ffe1503a000 	C:\Windows\SYSTEM32\WINNSI.DLL
0x00007ffe14eb0000 - 0x00007ffe14ec4000 	C:\Windows\SYSTEM32\dhcpcsvc6.DLL
0x00007ffe14e90000 - 0x00007ffe14ea9000 	C:\Windows\SYSTEM32\dhcpcsvc.DLL
0x0000000050e40000 - 0x0000000050e4d000 	C:\Program Files\Java\jdk1.8.0_131\jre\bin\management.dll
0x00007ffe102e0000 - 0x00007ffe10468000 	C:\Windows\SYSTEM32\dbghelp.dll

VM Arguments:
jvm_args: -Xmx2048m -Dfile.encoding=windows-1252 -Duser.country=US -Duser.language=en -Duser.variant 
java_command: org.gradle.launcher.daemon.bootstrap.GradleDaemon 2.14.1
java_class_path (initial): C:\Users\promatics\.gradle\wrapper\dists\gradle-2.14.1-all\53l0mv9mggp9q5m2ip574m21oh\gradle-2.14.1\lib\gradle-launcher-2.14.1.jar
Launcher Type: SUN_STANDARD

Environment Variables:
JAVA_HOME=C:\Program Files\Java\jdk1.8.0_131
CLASSPATH=E:\ooLaga customer without fb login\ooLaga customer\platforms\android\\gradle\wrapper\gradle-wrapper.jar
PATH=C:\Program Files (x86)\Common Files\Oracle\Java\javapath;C:\ProgramData\Oracle\Java\javapath;C:\Windows\system32;C:\Windows;C:\Windows\System32\Wbem;C:\Windows\System32\WindowsPowerShell\v1.0\;C:\Program Files (x86)\PuTTY\;C:\Program Files\Git\cmd;C:\Python27;C:\Program Files (x86)\Windows Kits\8.1\Windows Performance Toolkit\;C:\Program Files\gradle-2.8-all\gradle-2.8\bin;C:\Program Files\nodejs\;C:\Program Files\Java\jdk1.8.0_131\bin;C:\Users\promatics\AppData\Local\GitHubDesktop\bin;E:\android-sdk-windows\android-sdk-windows\tools\bin;C:\Python27\;C:\Users\promatics\AppData\Roaming\npm;D:\android-sdk-windows\android-sdk-windows\tools;D:\android-sdk-windows\android-sdk-windows\platform-tools
USERNAME=promatics
OS=Windows_NT
PROCESSOR_IDENTIFIER=Intel64 Family 6 Model 37 Stepping 5, GenuineIntel



---------------  S Y S T E M  ---------------

OS: Windows 8.1 , 64 bit Build 9600 (6.3.9600.17031)

CPU:total 4 (initial active 4) (2 cores per cpu, 2 threads per core) family 6 model 37 stepping 5, cmov, cx8, fxsr, mmx, sse, sse2, sse3, ssse3, sse4.1, sse4.2, popcnt, ht, tsc, tscinvbit

Memory: 4k page, physical 3986760k(1990160k free), swap 6739272k(3875288k free)

vm_info: Java HotSpot(TM) 64-Bit Server VM (25.131-b11) for windows-amd64 JRE (1.8.0_131-b11), built on Mar 15 2017 01:23:53 by "java_re" with MS VC++ 10.0 (VS2010)

time: Sat Aug 11 20:27:51 2018
elapsed time: 18 seconds (0d 0h 0m 18s)

